[ 2017-10-17T10:11:01+08:00 ] 127.0.0.1 /home/user/callback.html?code=13C4337160D94F66F207F9DFBDF35A77&state=9585da9f6df8c4c256f7bca82d1b5f5e
INFO: [ app_init ] --START--
INFO: Run Behavior\BuildLiteBehavior [ RunTime:0.000000s ]
INFO: [ app_init ] --END-- [ RunTime:0.038002s ]
INFO: [ app_begin ] --START--
INFO: Run Behavior\ReadHtmlCacheBehavior [ RunTime:0.011001s ]
INFO: [ app_begin ] --END-- [ RunTime:0.012001s ]
NOTIC: [2] Missing argument 1 for Admin\Model\CategoryModel::getCateTree(), called in D:\phpStudy\WWW\jxshop\Application\Home\Controller\CommonController.class.php on line 16 and defined D:\phpStudy\WWW\jxshop\Application\Admin\Model\CategoryModel.class.php 第 34 行.
SQL: SELECT * FROM `jx_category`  [ RunTime:0.1300s ]
NOTIC: [8] Undefined variable: stop_id D:\phpStudy\WWW\jxshop\Application\Admin\Model\CategoryModel.class.php 第 39 行.
NOTIC: [8] A session had already been started - ignoring session_start() D:\phpStudy\WWW\jxshop\ThinkPHP\Library\Vendor\qq\API\qqConnectAPI.php 第 2 行.

[ 2017-10-17T10:11:01+08:00 ] 127.0.0.1 /favicon.ico
INFO: [ app_init ] --START--
INFO: Run Behavior\BuildLiteBehavior [ RunTime:0.000000s ]
INFO: [ app_init ] --END-- [ RunTime:0.002000s ]

[ 2017-10-17T10:50:19+08:00 ] 127.0.0.1 /user/test
INFO: [ app_init ] --START--
INFO: Run Behavior\BuildLiteBehavior [ RunTime:0.000000s ]
INFO: [ app_init ] --END-- [ RunTime:0.016001s ]
INFO: [ app_begin ] --START--
INFO: Run Behavior\ReadHtmlCacheBehavior [ RunTime:0.033002s ]
INFO: [ app_begin ] --END-- [ RunTime:0.034002s ]
NOTIC: [2] Missing argument 1 for Admin\Model\CategoryModel::getCateTree(), called in D:\phpStudy\WWW\jxshop\Application\Home\Controller\CommonController.class.php on line 16 and defined D:\phpStudy\WWW\jxshop\Application\Admin\Model\CategoryModel.class.php 第 34 行.
SQL: SELECT * FROM `jx_category`  [ RunTime:0.0010s ]
NOTIC: [8] Undefined variable: stop_id D:\phpStudy\WWW\jxshop\Application\Admin\Model\CategoryModel.class.php 第 39 行.

[ 2017-10-17T10:50:20+08:00 ] 127.0.0.1 /favicon.ico
INFO: [ app_init ] --START--
INFO: Run Behavior\BuildLiteBehavior [ RunTime:0.000000s ]
INFO: [ app_init ] --END-- [ RunTime:0.002000s ]

[ 2017-10-17T10:50:33+08:00 ] 127.0.0.1 /user/test
INFO: [ app_init ] --START--
INFO: Run Behavior\BuildLiteBehavior [ RunTime:0.000000s ]
INFO: [ app_init ] --END-- [ RunTime:0.001000s ]
INFO: [ app_begin ] --START--
INFO: Run Behavior\ReadHtmlCacheBehavior [ RunTime:0.000000s ]
INFO: [ app_begin ] --END-- [ RunTime:0.002000s ]
NOTIC: [2] Missing argument 1 for Admin\Model\CategoryModel::getCateTree(), called in D:\phpStudy\WWW\jxshop\Application\Home\Controller\CommonController.class.php on line 16 and defined D:\phpStudy\WWW\jxshop\Application\Admin\Model\CategoryModel.class.php 第 34 行.
SQL: SELECT * FROM `jx_category`  [ RunTime:0.0000s ]
NOTIC: [8] Undefined variable: stop_id D:\phpStudy\WWW\jxshop\Application\Admin\Model\CategoryModel.class.php 第 39 行.
INFO: [ app_end ] --START--
INFO: Run Behavior\ShowPageTraceBehavior [ RunTime:0.070004s ]
INFO: [ app_end ] --END-- [ RunTime:0.070004s ]

[ 2017-10-17T11:00:42+08:00 ] 127.0.0.1 /
INFO: [ app_init ] --START--
INFO: Run Behavior\BuildLiteBehavior [ RunTime:0.000000s ]
INFO: [ app_init ] --END-- [ RunTime:0.001000s ]
INFO: [ app_begin ] --START--
INFO: Run Behavior\ReadHtmlCacheBehavior [ RunTime:0.001000s ]
INFO: [ app_begin ] --END-- [ RunTime:0.002000s ]
NOTIC: [2] Missing argument 1 for Admin\Model\CategoryModel::getCateTree(), called in D:\phpStudy\WWW\jxshop\Application\Home\Controller\CommonController.class.php on line 16 and defined D:\phpStudy\WWW\jxshop\Application\Admin\Model\CategoryModel.class.php 第 34 行.
SQL: SELECT * FROM `jx_category`  [ RunTime:0.0010s ]
NOTIC: [8] Undefined variable: stop_id D:\phpStudy\WWW\jxshop\Application\Admin\Model\CategoryModel.class.php 第 39 行.
NOTIC: [2048] Declaration of Admin\Model\GoodsModel::_before_insert() should be compatible with Think\Model::_before_insert(&$data, $options) D:\phpStudy\WWW\jxshop\Application\Admin\Model\GoodsModel.class.php 第 417 行.
NOTIC: [2048] Declaration of Admin\Model\GoodsModel::_after_insert() should be compatible with Think\Model::_after_insert($data, $options) D:\phpStudy\WWW\jxshop\Application\Admin\Model\GoodsModel.class.php 第 417 行.
SQL: SELECT * FROM `jx_goods` WHERE ( is_sale=1 and is_hot=1 ) LIMIT 5   [ RunTime:0.1040s ]
SQL: SELECT * FROM `jx_goods` WHERE ( is_sale=1 and is_rec=1 ) LIMIT 5   [ RunTime:0.0010s ]
SQL: SELECT * FROM `jx_goods` WHERE ( is_sale=1 and is_new=1 ) LIMIT 5   [ RunTime:0.0010s ]
SQL: SELECT * FROM `jx_goods` WHERE ( is_sale=1 and cx_price>0 and start<1508209242 and end>1508209242 ) LIMIT 5   [ RunTime:0.0010s ]
SQL: SELECT * FROM `jx_category` WHERE ( parent_id=0 )  [ RunTime:0.0000s ]
SQL: SELECT * FROM `jx_category` WHERE ( parent_id=3 )  [ RunTime:0.0000s ]
SQL: SELECT * FROM `jx_category` WHERE ( isrec = 1 and parent_id=3 )  [ RunTime:0.0010s ]
SQL: SELECT * FROM `jx_category`  [ RunTime:0.0010s ]
SQL: SHOW COLUMNS FROM `jx_goods` [ RunTime:0.0450s ]
SQL: SELECT * FROM `jx_goods` WHERE ( is_sale=1 and cate_id in (8,9,12,7) ) LIMIT 8   [ RunTime:0.0010s ]
SQL: SELECT * FROM `jx_category` WHERE ( parent_id=5 )  [ RunTime:0.0000s ]
SQL: SELECT * FROM `jx_category` WHERE ( isrec = 1 and parent_id=5 )  [ RunTime:0.0000s ]
SQL: SELECT * FROM `jx_category`  [ RunTime:0.0000s ]
SQL: SELECT * FROM `jx_goods` WHERE ( is_sale=1 and cate_id in (13,10) ) LIMIT 8   [ RunTime:0.0010s ]
SQL: SELECT * FROM `jx_category`  [ RunTime:0.0000s ]
NOTIC: [8] Undefined variable: tree D:\phpStudy\WWW\jxshop\Application\Admin\Model\CategoryModel.class.php 第 30 行.
SQL: SELECT * FROM `jx_goods` WHERE ( is_sale=1 and cate_id in (11) ) LIMIT 8   [ RunTime:0.0010s ]
INFO: [ view_parse ] --START--
INFO: [ template_filter ] --START--
INFO: Run Behavior\ContentReplaceBehavior [ RunTime:0.041003s ]
INFO: [ template_filter ] --END-- [ RunTime:0.041003s ]
INFO: Run Behavior\ParseTemplateBehavior [ RunTime:0.392023s ]
INFO: [ view_parse ] --END-- [ RunTime:0.393023s ]
INFO: [ view_filter ] --START--
INFO: Run Behavior\WriteHtmlCacheBehavior [ RunTime:0.005000s ]
INFO: [ view_filter ] --END-- [ RunTime:0.006000s ]
INFO: [ app_end ] --START--
INFO: Run Behavior\ShowPageTraceBehavior [ RunTime:0.009001s ]
INFO: [ app_end ] --END-- [ RunTime:0.010001s ]

[ 2017-10-17T11:00:46+08:00 ] 127.0.0.1 /User/login.html
INFO: [ app_init ] --START--
INFO: Run Behavior\BuildLiteBehavior [ RunTime:0.000000s ]
INFO: [ app_init ] --END-- [ RunTime:0.001000s ]
INFO: [ app_begin ] --START--
INFO: Run Behavior\ReadHtmlCacheBehavior [ RunTime:0.002000s ]
INFO: [ app_begin ] --END-- [ RunTime:0.002000s ]
NOTIC: [2] Missing argument 1 for Admin\Model\CategoryModel::getCateTree(), called in D:\phpStudy\WWW\jxshop\Application\Home\Controller\CommonController.class.php on line 16 and defined D:\phpStudy\WWW\jxshop\Application\Admin\Model\CategoryModel.class.php 第 34 行.
SQL: SELECT * FROM `jx_category`  [ RunTime:0.0000s ]
NOTIC: [8] Undefined variable: stop_id D:\phpStudy\WWW\jxshop\Application\Admin\Model\CategoryModel.class.php 第 39 行.
INFO: [ view_parse ] --START--
INFO: [ template_filter ] --START--
INFO: Run Behavior\ContentReplaceBehavior [ RunTime:0.000000s ]
INFO: [ template_filter ] --END-- [ RunTime:0.000000s ]
INFO: Run Behavior\ParseTemplateBehavior [ RunTime:0.043003s ]
INFO: [ view_parse ] --END-- [ RunTime:0.043003s ]
INFO: [ view_filter ] --START--
INFO: Run Behavior\WriteHtmlCacheBehavior [ RunTime:0.002000s ]
INFO: [ view_filter ] --END-- [ RunTime:0.002000s ]
INFO: [ app_end ] --START--
INFO: Run Behavior\ShowPageTraceBehavior [ RunTime:0.002000s ]
INFO: [ app_end ] --END-- [ RunTime:0.002000s ]

[ 2017-10-17T11:00:47+08:00 ] 127.0.0.1 /User/code.html
INFO: [ app_init ] --START--
INFO: Run Behavior\BuildLiteBehavior [ RunTime:0.000000s ]
INFO: [ app_init ] --END-- [ RunTime:0.003000s ]
INFO: [ app_begin ] --START--
INFO: Run Behavior\ReadHtmlCacheBehavior [ RunTime:0.011001s ]
INFO: [ app_begin ] --END-- [ RunTime:0.011001s ]
NOTIC: [2] Missing argument 1 for Admin\Model\CategoryModel::getCateTree(), called in D:\phpStudy\WWW\jxshop\Application\Home\Controller\CommonController.class.php on line 16 and defined D:\phpStudy\WWW\jxshop\Application\Admin\Model\CategoryModel.class.php 第 34 行.
SQL: SELECT * FROM `jx_category`  [ RunTime:0.0010s ]
NOTIC: [8] Undefined variable: stop_id D:\phpStudy\WWW\jxshop\Application\Admin\Model\CategoryModel.class.php 第 39 行.
INFO: [ app_end ] --START--
INFO: Run Behavior\ShowPageTraceBehavior [ RunTime:0.001000s ]
INFO: [ app_end ] --END-- [ RunTime:0.001000s ]

[ 2017-10-17T11:00:57+08:00 ] 127.0.0.1 /User/login.html
INFO: [ app_init ] --START--
INFO: Run Behavior\BuildLiteBehavior [ RunTime:0.000000s ]
INFO: [ app_init ] --END-- [ RunTime:0.002000s ]
INFO: [ app_begin ] --START--
INFO: Run Behavior\ReadHtmlCacheBehavior [ RunTime:0.001000s ]
INFO: [ app_begin ] --END-- [ RunTime:0.001000s ]
NOTIC: [2] Missing argument 1 for Admin\Model\CategoryModel::getCateTree(), called in D:\phpStudy\WWW\jxshop\Application\Home\Controller\CommonController.class.php on line 16 and defined D:\phpStudy\WWW\jxshop\Application\Admin\Model\CategoryModel.class.php 第 34 行.
SQL: SELECT * FROM `jx_category`  [ RunTime:0.0010s ]
NOTIC: [8] Undefined variable: stop_id D:\phpStudy\WWW\jxshop\Application\Admin\Model\CategoryModel.class.php 第 39 行.
NOTIC: [8] Undefined index: url D:\phpStudy\WWW\jxshop\Application\Common\Common\function.php 第 52 行.
NOTIC: [2] Invalid argument supplied for foreach() D:\phpStudy\WWW\jxshop\Application\Home\Model\CartModel.class.php 第 100 行.
NOTIC: [8] Use of undefined constant ture - assumed 'ture' D:\phpStudy\WWW\jxshop\Application\Home\Model\UserModel.class.php 第 91 行.

[ 2017-10-17T11:00:57+08:00 ] 127.0.0.1 /
INFO: [ app_init ] --START--
INFO: Run Behavior\BuildLiteBehavior [ RunTime:0.000000s ]
INFO: [ app_init ] --END-- [ RunTime:0.001001s ]
INFO: [ app_begin ] --START--
INFO: Run Behavior\ReadHtmlCacheBehavior [ RunTime:0.002000s ]
INFO: [ app_begin ] --END-- [ RunTime:0.002000s ]
NOTIC: [2] Missing argument 1 for Admin\Model\CategoryModel::getCateTree(), called in D:\phpStudy\WWW\jxshop\Application\Home\Controller\CommonController.class.php on line 16 and defined D:\phpStudy\WWW\jxshop\Application\Admin\Model\CategoryModel.class.php 第 34 行.
SQL: SELECT * FROM `jx_category`  [ RunTime:0.0000s ]
NOTIC: [8] Undefined variable: stop_id D:\phpStudy\WWW\jxshop\Application\Admin\Model\CategoryModel.class.php 第 39 行.
NOTIC: [2048] Declaration of Admin\Model\GoodsModel::_before_insert() should be compatible with Think\Model::_before_insert(&$data, $options) D:\phpStudy\WWW\jxshop\Application\Admin\Model\GoodsModel.class.php 第 417 行.
NOTIC: [2048] Declaration of Admin\Model\GoodsModel::_after_insert() should be compatible with Think\Model::_after_insert($data, $options) D:\phpStudy\WWW\jxshop\Application\Admin\Model\GoodsModel.class.php 第 417 行.
SQL: SELECT * FROM `jx_goods` WHERE ( is_sale=1 and is_hot=1 ) LIMIT 5   [ RunTime:0.0000s ]
SQL: SELECT * FROM `jx_goods` WHERE ( is_sale=1 and is_rec=1 ) LIMIT 5   [ RunTime:0.0020s ]
SQL: SELECT * FROM `jx_goods` WHERE ( is_sale=1 and is_new=1 ) LIMIT 5   [ RunTime:0.0010s ]
SQL: SELECT * FROM `jx_goods` WHERE ( is_sale=1 and cx_price>0 and start<1508209257 and end>1508209257 ) LIMIT 5   [ RunTime:0.0010s ]
SQL: SELECT * FROM `jx_category` WHERE ( parent_id=0 )  [ RunTime:0.0000s ]
SQL: SELECT * FROM `jx_category` WHERE ( parent_id=3 )  [ RunTime:0.0010s ]
SQL: SELECT * FROM `jx_category` WHERE ( isrec = 1 and parent_id=3 )  [ RunTime:0.0010s ]
SQL: SELECT * FROM `jx_category`  [ RunTime:0.0010s ]
SQL: SHOW COLUMNS FROM `jx_goods` [ RunTime:0.0070s ]
SQL: SELECT * FROM `jx_goods` WHERE ( is_sale=1 and cate_id in (8,9,12,7) ) LIMIT 8   [ RunTime:0.0010s ]
SQL: SELECT * FROM `jx_category` WHERE ( parent_id=5 )  [ RunTime:0.0000s ]
SQL: SELECT * FROM `jx_category` WHERE ( isrec = 1 and parent_id=5 )  [ RunTime:0.0000s ]
SQL: SELECT * FROM `jx_category`  [ RunTime:0.0010s ]
SQL: SELECT * FROM `jx_goods` WHERE ( is_sale=1 and cate_id in (13,10) ) LIMIT 8   [ RunTime:0.0010s ]
SQL: SELECT * FROM `jx_category`  [ RunTime:0.0010s ]
NOTIC: [8] Undefined variable: tree D:\phpStudy\WWW\jxshop\Application\Admin\Model\CategoryModel.class.php 第 30 行.
SQL: SELECT * FROM `jx_goods` WHERE ( is_sale=1 and cate_id in (11) ) LIMIT 8   [ RunTime:0.0010s ]
INFO: [ view_parse ] --START--
INFO: [ template_filter ] --START--
INFO: Run Behavior\ContentReplaceBehavior [ RunTime:0.001000s ]
INFO: [ template_filter ] --END-- [ RunTime:0.001000s ]
INFO: Run Behavior\ParseTemplateBehavior [ RunTime:0.131007s ]
INFO: [ view_parse ] --END-- [ RunTime:0.131007s ]
INFO: [ view_filter ] --START--
INFO: Run Behavior\WriteHtmlCacheBehavior [ RunTime:0.001000s ]
INFO: [ view_filter ] --END-- [ RunTime:0.002000s ]
INFO: [ app_end ] --START--
INFO: Run Behavior\ShowPageTraceBehavior [ RunTime:0.001000s ]
INFO: [ app_end ] --END-- [ RunTime:0.001000s ]

[ 2017-10-17T11:01:15+08:00 ] 127.0.0.1 /User/logout.html
INFO: [ app_init ] --START--
INFO: Run Behavior\BuildLiteBehavior [ RunTime:0.000000s ]
INFO: [ app_init ] --END-- [ RunTime:0.001000s ]
INFO: [ app_begin ] --START--
INFO: Run Behavior\ReadHtmlCacheBehavior [ RunTime:0.001000s ]
INFO: [ app_begin ] --END-- [ RunTime:0.002001s ]
NOTIC: [2] Missing argument 1 for Admin\Model\CategoryModel::getCateTree(), called in D:\phpStudy\WWW\jxshop\Application\Home\Controller\CommonController.class.php on line 16 and defined D:\phpStudy\WWW\jxshop\Application\Admin\Model\CategoryModel.class.php 第 34 行.
SQL: SELECT * FROM `jx_category`  [ RunTime:0.0010s ]
NOTIC: [8] Undefined variable: stop_id D:\phpStudy\WWW\jxshop\Application\Admin\Model\CategoryModel.class.php 第 39 行.

[ 2017-10-17T11:01:15+08:00 ] 127.0.0.1 /
INFO: [ app_init ] --START--
INFO: Run Behavior\BuildLiteBehavior [ RunTime:0.000000s ]
INFO: [ app_init ] --END-- [ RunTime:0.001000s ]
INFO: [ app_begin ] --START--
INFO: Run Behavior\ReadHtmlCacheBehavior [ RunTime:0.001000s ]
INFO: [ app_begin ] --END-- [ RunTime:0.002000s ]
NOTIC: [2] Missing argument 1 for Admin\Model\CategoryModel::getCateTree(), called in D:\phpStudy\WWW\jxshop\Application\Home\Controller\CommonController.class.php on line 16 and defined D:\phpStudy\WWW\jxshop\Application\Admin\Model\CategoryModel.class.php 第 34 行.
SQL: SELECT * FROM `jx_category`  [ RunTime:0.0010s ]
NOTIC: [8] Undefined variable: stop_id D:\phpStudy\WWW\jxshop\Application\Admin\Model\CategoryModel.class.php 第 39 行.
NOTIC: [2048] Declaration of Admin\Model\GoodsModel::_before_insert() should be compatible with Think\Model::_before_insert(&$data, $options) D:\phpStudy\WWW\jxshop\Application\Admin\Model\GoodsModel.class.php 第 417 行.
NOTIC: [2048] Declaration of Admin\Model\GoodsModel::_after_insert() should be compatible with Think\Model::_after_insert($data, $options) D:\phpStudy\WWW\jxshop\Application\Admin\Model\GoodsModel.class.php 第 417 行.
SQL: SELECT * FROM `jx_goods` WHERE ( is_sale=1 and is_hot=1 ) LIMIT 5   [ RunTime:0.0010s ]
SQL: SELECT * FROM `jx_goods` WHERE ( is_sale=1 and is_rec=1 ) LIMIT 5   [ RunTime:0.0010s ]
SQL: SELECT * FROM `jx_goods` WHERE ( is_sale=1 and is_new=1 ) LIMIT 5   [ RunTime:0.0010s ]
SQL: SELECT * FROM `jx_goods` WHERE ( is_sale=1 and cx_price>0 and start<1508209275 and end>1508209275 ) LIMIT 5   [ RunTime:0.0010s ]
SQL: SELECT * FROM `jx_category` WHERE ( parent_id=0 )  [ RunTime:0.0000s ]
SQL: SELECT * FROM `jx_category` WHERE ( parent_id=3 )  [ RunTime:0.0010s ]
SQL: SELECT * FROM `jx_category` WHERE ( isrec = 1 and parent_id=3 )  [ RunTime:0.0010s ]
SQL: SELECT * FROM `jx_category`  [ RunTime:0.0010s ]
SQL: SHOW COLUMNS FROM `jx_goods` [ RunTime:0.0120s ]
SQL: SELECT * FROM `jx_goods` WHERE ( is_sale=1 and cate_id in (8,9,12,7) ) LIMIT 8   [ RunTime:0.0010s ]
SQL: SELECT * FROM `jx_category` WHERE ( parent_id=5 )  [ RunTime:0.0010s ]
SQL: SELECT * FROM `jx_category` WHERE ( isrec = 1 and parent_id=5 )  [ RunTime:0.0000s ]
SQL: SELECT * FROM `jx_category`  [ RunTime:0.0010s ]
SQL: SELECT * FROM `jx_goods` WHERE ( is_sale=1 and cate_id in (13,10) ) LIMIT 8   [ RunTime:0.0010s ]
SQL: SELECT * FROM `jx_category`  [ RunTime:0.0010s ]
NOTIC: [8] Undefined variable: tree D:\phpStudy\WWW\jxshop\Application\Admin\Model\CategoryModel.class.php 第 30 行.
SQL: SELECT * FROM `jx_goods` WHERE ( is_sale=1 and cate_id in (11) ) LIMIT 8   [ RunTime:0.0010s ]
INFO: [ view_parse ] --START--
INFO: [ template_filter ] --START--
INFO: Run Behavior\ContentReplaceBehavior [ RunTime:0.000000s ]
INFO: [ template_filter ] --END-- [ RunTime:0.001000s ]
INFO: Run Behavior\ParseTemplateBehavior [ RunTime:0.134008s ]
INFO: [ view_parse ] --END-- [ RunTime:0.134008s ]
INFO: [ view_filter ] --START--
INFO: Run Behavior\WriteHtmlCacheBehavior [ RunTime:0.001000s ]
INFO: [ view_filter ] --END-- [ RunTime:0.001000s ]
INFO: [ app_end ] --START--
INFO: Run Behavior\ShowPageTraceBehavior [ RunTime:0.001000s ]
INFO: [ app_end ] --END-- [ RunTime:0.002000s ]

[ 2017-10-17T11:01:17+08:00 ] 127.0.0.1 /User/login.html
INFO: [ app_init ] --START--
INFO: Run Behavior\BuildLiteBehavior [ RunTime:0.001000s ]
INFO: [ app_init ] --END-- [ RunTime:0.002000s ]
INFO: [ app_begin ] --START--
INFO: Run Behavior\ReadHtmlCacheBehavior [ RunTime:0.001000s ]
INFO: [ app_begin ] --END-- [ RunTime:0.001000s ]
NOTIC: [2] Missing argument 1 for Admin\Model\CategoryModel::getCateTree(), called in D:\phpStudy\WWW\jxshop\Application\Home\Controller\CommonController.class.php on line 16 and defined D:\phpStudy\WWW\jxshop\Application\Admin\Model\CategoryModel.class.php 第 34 行.
SQL: SELECT * FROM `jx_category`  [ RunTime:0.0010s ]
NOTIC: [8] Undefined variable: stop_id D:\phpStudy\WWW\jxshop\Application\Admin\Model\CategoryModel.class.php 第 39 行.
INFO: [ view_parse ] --START--
INFO: [ template_filter ] --START--
INFO: Run Behavior\ContentReplaceBehavior [ RunTime:0.001000s ]
INFO: [ template_filter ] --END-- [ RunTime:0.001000s ]
INFO: Run Behavior\ParseTemplateBehavior [ RunTime:0.020001s ]
INFO: [ view_parse ] --END-- [ RunTime:0.020001s ]
INFO: [ view_filter ] --START--
INFO: Run Behavior\WriteHtmlCacheBehavior [ RunTime:0.001000s ]
INFO: [ view_filter ] --END-- [ RunTime:0.002000s ]
INFO: [ app_end ] --START--
INFO: Run Behavior\ShowPageTraceBehavior [ RunTime:0.001001s ]
INFO: [ app_end ] --END-- [ RunTime:0.002001s ]

[ 2017-10-17T11:01:17+08:00 ] 127.0.0.1 /User/code.html
INFO: [ app_init ] --START--
INFO: Run Behavior\BuildLiteBehavior [ RunTime:0.001000s ]
INFO: [ app_init ] --END-- [ RunTime:0.002000s ]
INFO: [ app_begin ] --START--
INFO: Run Behavior\ReadHtmlCacheBehavior [ RunTime:0.001000s ]
INFO: [ app_begin ] --END-- [ RunTime:0.002000s ]
NOTIC: [2] Missing argument 1 for Admin\Model\CategoryModel::getCateTree(), called in D:\phpStudy\WWW\jxshop\Application\Home\Controller\CommonController.class.php on line 16 and defined D:\phpStudy\WWW\jxshop\Application\Admin\Model\CategoryModel.class.php 第 34 行.
SQL: SELECT * FROM `jx_category`  [ RunTime:0.0020s ]
NOTIC: [8] Undefined variable: stop_id D:\phpStudy\WWW\jxshop\Application\Admin\Model\CategoryModel.class.php 第 39 行.
INFO: [ app_end ] --START--
INFO: Run Behavior\ShowPageTraceBehavior [ RunTime:0.001001s ]
INFO: [ app_end ] --END-- [ RunTime:0.001001s ]

[ 2017-10-17T11:01:24+08:00 ] 127.0.0.1 /User/login.html
INFO: [ app_init ] --START--
INFO: Run Behavior\BuildLiteBehavior [ RunTime:0.000000s ]
INFO: [ app_init ] --END-- [ RunTime:0.001000s ]
INFO: [ app_begin ] --START--
INFO: Run Behavior\ReadHtmlCacheBehavior [ RunTime:0.001000s ]
INFO: [ app_begin ] --END-- [ RunTime:0.001000s ]
NOTIC: [2] Missing argument 1 for Admin\Model\CategoryModel::getCateTree(), called in D:\phpStudy\WWW\jxshop\Application\Home\Controller\CommonController.class.php on line 16 and defined D:\phpStudy\WWW\jxshop\Application\Admin\Model\CategoryModel.class.php 第 34 行.
SQL: SELECT * FROM `jx_category`  [ RunTime:0.0010s ]
NOTIC: [8] Undefined variable: stop_id D:\phpStudy\WWW\jxshop\Application\Admin\Model\CategoryModel.class.php 第 39 行.

[ 2017-10-17T11:01:26+08:00 ] 127.0.0.1 /User/code.html?_=1508209286344
INFO: [ app_init ] --START--
INFO: Run Behavior\BuildLiteBehavior [ RunTime:0.000000s ]
INFO: [ app_init ] --END-- [ RunTime:0.002000s ]
INFO: [ app_begin ] --START--
INFO: Run Behavior\ReadHtmlCacheBehavior [ RunTime:0.001000s ]
INFO: [ app_begin ] --END-- [ RunTime:0.001000s ]
NOTIC: [2] Missing argument 1 for Admin\Model\CategoryModel::getCateTree(), called in D:\phpStudy\WWW\jxshop\Application\Home\Controller\CommonController.class.php on line 16 and defined D:\phpStudy\WWW\jxshop\Application\Admin\Model\CategoryModel.class.php 第 34 行.
SQL: SELECT * FROM `jx_category`  [ RunTime:0.0010s ]
NOTIC: [8] Undefined variable: stop_id D:\phpStudy\WWW\jxshop\Application\Admin\Model\CategoryModel.class.php 第 39 行.
INFO: [ app_end ] --START--
INFO: Run Behavior\ShowPageTraceBehavior [ RunTime:0.002001s ]
INFO: [ app_end ] --END-- [ RunTime:0.002001s ]

[ 2017-10-17T11:01:31+08:00 ] 127.0.0.1 /User/login.html
INFO: [ app_init ] --START--
INFO: Run Behavior\BuildLiteBehavior [ RunTime:0.000000s ]
INFO: [ app_init ] --END-- [ RunTime:0.001000s ]
INFO: [ app_begin ] --START--
INFO: Run Behavior\ReadHtmlCacheBehavior [ RunTime:0.002000s ]
INFO: [ app_begin ] --END-- [ RunTime:0.002000s ]
NOTIC: [2] Missing argument 1 for Admin\Model\CategoryModel::getCateTree(), called in D:\phpStudy\WWW\jxshop\Application\Home\Controller\CommonController.class.php on line 16 and defined D:\phpStudy\WWW\jxshop\Application\Admin\Model\CategoryModel.class.php 第 34 行.
SQL: SELECT * FROM `jx_category`  [ RunTime:0.0010s ]
NOTIC: [8] Undefined variable: stop_id D:\phpStudy\WWW\jxshop\Application\Admin\Model\CategoryModel.class.php 第 39 行.
NOTIC: [8] Undefined index: url D:\phpStudy\WWW\jxshop\Application\Common\Common\function.php 第 52 行.

[ 2017-10-17T11:03:06+08:00 ] 127.0.0.1 /User/login.html
INFO: [ app_init ] --START--
INFO: Run Behavior\BuildLiteBehavior [ RunTime:0.000000s ]
INFO: [ app_init ] --END-- [ RunTime:0.002001s ]
INFO: [ app_begin ] --START--
INFO: Run Behavior\ReadHtmlCacheBehavior [ RunTime:0.003000s ]
INFO: [ app_begin ] --END-- [ RunTime:0.003000s ]
NOTIC: [2] Missing argument 1 for Admin\Model\CategoryModel::getCateTree(), called in D:\phpStudy\WWW\jxshop\Application\Home\Controller\CommonController.class.php on line 16 and defined D:\phpStudy\WWW\jxshop\Application\Admin\Model\CategoryModel.class.php 第 34 行.
SQL: SELECT * FROM `jx_category`  [ RunTime:0.0000s ]
NOTIC: [8] Undefined variable: stop_id D:\phpStudy\WWW\jxshop\Application\Admin\Model\CategoryModel.class.php 第 39 行.
INFO: [ view_parse ] --START--
INFO: [ template_filter ] --START--
INFO: Run Behavior\ContentReplaceBehavior [ RunTime:0.001000s ]
INFO: [ template_filter ] --END-- [ RunTime:0.001000s ]
INFO: Run Behavior\ParseTemplateBehavior [ RunTime:0.020001s ]
INFO: [ view_parse ] --END-- [ RunTime:0.020001s ]
INFO: [ view_filter ] --START--
INFO: Run Behavior\WriteHtmlCacheBehavior [ RunTime:0.001001s ]
INFO: [ view_filter ] --END-- [ RunTime:0.001001s ]
INFO: [ app_end ] --START--
INFO: Run Behavior\ShowPageTraceBehavior [ RunTime:0.001000s ]
INFO: [ app_end ] --END-- [ RunTime:0.001000s ]

[ 2017-10-17T11:03:06+08:00 ] 127.0.0.1 /User/code.html
INFO: [ app_init ] --START--
INFO: Run Behavior\BuildLiteBehavior [ RunTime:0.000000s ]
INFO: [ app_init ] --END-- [ RunTime:0.001000s ]
INFO: [ app_begin ] --START--
INFO: Run Behavior\ReadHtmlCacheBehavior [ RunTime:0.002000s ]
INFO: [ app_begin ] --END-- [ RunTime:0.002000s ]
NOTIC: [2] Missing argument 1 for Admin\Model\CategoryModel::getCateTree(), called in D:\phpStudy\WWW\jxshop\Application\Home\Controller\CommonController.class.php on line 16 and defined D:\phpStudy\WWW\jxshop\Application\Admin\Model\CategoryModel.class.php 第 34 行.
SQL: SELECT * FROM `jx_category`  [ RunTime:0.0010s ]
NOTIC: [8] Undefined variable: stop_id D:\phpStudy\WWW\jxshop\Application\Admin\Model\CategoryModel.class.php 第 39 行.
INFO: [ app_end ] --START--
INFO: Run Behavior\ShowPageTraceBehavior [ RunTime:0.001000s ]
INFO: [ app_end ] --END-- [ RunTime:0.002000s ]

[ 2017-10-17T11:03:07+08:00 ] 127.0.0.1 /User/login.html
INFO: [ app_init ] --START--
INFO: Run Behavior\BuildLiteBehavior [ RunTime:0.000000s ]
INFO: [ app_init ] --END-- [ RunTime:0.002000s ]
INFO: [ app_begin ] --START--
INFO: Run Behavior\ReadHtmlCacheBehavior [ RunTime:0.001000s ]
INFO: [ app_begin ] --END-- [ RunTime:0.001000s ]
NOTIC: [2] Missing argument 1 for Admin\Model\CategoryModel::getCateTree(), called in D:\phpStudy\WWW\jxshop\Application\Home\Controller\CommonController.class.php on line 16 and defined D:\phpStudy\WWW\jxshop\Application\Admin\Model\CategoryModel.class.php 第 34 行.
SQL: SELECT * FROM `jx_category`  [ RunTime:0.0010s ]
NOTIC: [8] Undefined variable: stop_id D:\phpStudy\WWW\jxshop\Application\Admin\Model\CategoryModel.class.php 第 39 行.
INFO: [ view_parse ] --START--
INFO: [ template_filter ] --START--
INFO: Run Behavior\ContentReplaceBehavior [ RunTime:0.000000s ]
INFO: [ template_filter ] --END-- [ RunTime:0.001000s ]
INFO: Run Behavior\ParseTemplateBehavior [ RunTime:0.023001s ]
INFO: [ view_parse ] --END-- [ RunTime:0.024001s ]
INFO: [ view_filter ] --START--
INFO: Run Behavior\WriteHtmlCacheBehavior [ RunTime:0.001000s ]
INFO: [ view_filter ] --END-- [ RunTime:0.001000s ]
INFO: [ app_end ] --START--
INFO: Run Behavior\ShowPageTraceBehavior [ RunTime:0.003000s ]
INFO: [ app_end ] --END-- [ RunTime:0.004000s ]

[ 2017-10-17T11:03:07+08:00 ] 127.0.0.1 /User/code.html
INFO: [ app_init ] --START--
INFO: Run Behavior\BuildLiteBehavior [ RunTime:0.000000s ]
INFO: [ app_init ] --END-- [ RunTime:0.001000s ]
INFO: [ app_begin ] --START--
INFO: Run Behavior\ReadHtmlCacheBehavior [ RunTime:0.002000s ]
INFO: [ app_begin ] --END-- [ RunTime:0.003000s ]
NOTIC: [2] Missing argument 1 for Admin\Model\CategoryModel::getCateTree(), called in D:\phpStudy\WWW\jxshop\Application\Home\Controller\CommonController.class.php on line 16 and defined D:\phpStudy\WWW\jxshop\Application\Admin\Model\CategoryModel.class.php 第 34 行.
SQL: SELECT * FROM `jx_category`  [ RunTime:0.0060s ]
NOTIC: [8] Undefined variable: stop_id D:\phpStudy\WWW\jxshop\Application\Admin\Model\CategoryModel.class.php 第 39 行.
INFO: [ app_end ] --START--
INFO: Run Behavior\ShowPageTraceBehavior [ RunTime:0.002000s ]
INFO: [ app_end ] --END-- [ RunTime:0.002000s ]

[ 2017-10-17T11:03:15+08:00 ] 127.0.0.1 /User/login.html
INFO: [ app_init ] --START--
INFO: Run Behavior\BuildLiteBehavior [ RunTime:0.000000s ]
INFO: [ app_init ] --END-- [ RunTime:0.001000s ]
INFO: [ app_begin ] --START--
INFO: Run Behavior\ReadHtmlCacheBehavior [ RunTime:0.001000s ]
INFO: [ app_begin ] --END-- [ RunTime:0.001000s ]
NOTIC: [2] Missing argument 1 for Admin\Model\CategoryModel::getCateTree(), called in D:\phpStudy\WWW\jxshop\Application\Home\Controller\CommonController.class.php on line 16 and defined D:\phpStudy\WWW\jxshop\Application\Admin\Model\CategoryModel.class.php 第 34 行.
SQL: SELECT * FROM `jx_category`  [ RunTime:0.0010s ]
NOTIC: [8] Undefined variable: stop_id D:\phpStudy\WWW\jxshop\Application\Admin\Model\CategoryModel.class.php 第 39 行.
NOTIC: [8] Undefined index: url D:\phpStudy\WWW\jxshop\Application\Common\Common\function.php 第 52 行.

[ 2017-10-17T11:05:43+08:00 ] 127.0.0.1 /User/code.html?_=1508209543253
INFO: [ app_init ] --START--
INFO: Run Behavior\BuildLiteBehavior [ RunTime:0.000000s ]
INFO: [ app_init ] --END-- [ RunTime:0.001000s ]
INFO: [ app_begin ] --START--
INFO: Run Behavior\ReadHtmlCacheBehavior [ RunTime:0.001000s ]
INFO: [ app_begin ] --END-- [ RunTime:0.002000s ]
NOTIC: [2] Missing argument 1 for Admin\Model\CategoryModel::getCateTree(), called in D:\phpStudy\WWW\jxshop\Application\Home\Controller\CommonController.class.php on line 16 and defined D:\phpStudy\WWW\jxshop\Application\Admin\Model\CategoryModel.class.php 第 34 行.
SQL: SELECT * FROM `jx_category`  [ RunTime:0.0000s ]
NOTIC: [8] Undefined variable: stop_id D:\phpStudy\WWW\jxshop\Application\Admin\Model\CategoryModel.class.php 第 39 行.
INFO: [ app_end ] --START--
INFO: Run Behavior\ShowPageTraceBehavior [ RunTime:0.001000s ]
INFO: [ app_end ] --END-- [ RunTime:0.002000s ]

[ 2017-10-17T11:05:45+08:00 ] 127.0.0.1 /User/login.html
INFO: [ app_init ] --START--
INFO: Run Behavior\BuildLiteBehavior [ RunTime:0.000000s ]
INFO: [ app_init ] --END-- [ RunTime:0.001000s ]
INFO: [ app_begin ] --START--
INFO: Run Behavior\ReadHtmlCacheBehavior [ RunTime:0.001000s ]
INFO: [ app_begin ] --END-- [ RunTime:0.001000s ]
NOTIC: [2] Missing argument 1 for Admin\Model\CategoryModel::getCateTree(), called in D:\phpStudy\WWW\jxshop\Application\Home\Controller\CommonController.class.php on line 16 and defined D:\phpStudy\WWW\jxshop\Application\Admin\Model\CategoryModel.class.php 第 34 行.
SQL: SELECT * FROM `jx_category`  [ RunTime:0.0010s ]
NOTIC: [8] Undefined variable: stop_id D:\phpStudy\WWW\jxshop\Application\Admin\Model\CategoryModel.class.php 第 39 行.
NOTIC: [8] Undefined index: url D:\phpStudy\WWW\jxshop\Application\Common\Common\function.php 第 52 行.
NOTIC: [2] Invalid argument supplied for foreach() D:\phpStudy\WWW\jxshop\Application\Home\Model\CartModel.class.php 第 100 行.
NOTIC: [8] Use of undefined constant ture - assumed 'ture' D:\phpStudy\WWW\jxshop\Application\Home\Model\UserModel.class.php 第 91 行.

[ 2017-10-17T11:05:46+08:00 ] 127.0.0.1 /
INFO: [ app_init ] --START--
INFO: Run Behavior\BuildLiteBehavior [ RunTime:0.000000s ]
INFO: [ app_init ] --END-- [ RunTime:0.001000s ]
INFO: [ app_begin ] --START--
INFO: Run Behavior\ReadHtmlCacheBehavior [ RunTime:0.001000s ]
INFO: [ app_begin ] --END-- [ RunTime:0.002000s ]
NOTIC: [2] Missing argument 1 for Admin\Model\CategoryModel::getCateTree(), called in D:\phpStudy\WWW\jxshop\Application\Home\Controller\CommonController.class.php on line 16 and defined D:\phpStudy\WWW\jxshop\Application\Admin\Model\CategoryModel.class.php 第 34 行.
SQL: SELECT * FROM `jx_category`  [ RunTime:0.0010s ]
NOTIC: [8] Undefined variable: stop_id D:\phpStudy\WWW\jxshop\Application\Admin\Model\CategoryModel.class.php 第 39 行.
NOTIC: [2048] Declaration of Admin\Model\GoodsModel::_before_insert() should be compatible with Think\Model::_before_insert(&$data, $options) D:\phpStudy\WWW\jxshop\Application\Admin\Model\GoodsModel.class.php 第 417 行.
NOTIC: [2048] Declaration of Admin\Model\GoodsModel::_after_insert() should be compatible with Think\Model::_after_insert($data, $options) D:\phpStudy\WWW\jxshop\Application\Admin\Model\GoodsModel.class.php 第 417 行.
SQL: SELECT * FROM `jx_goods` WHERE ( is_sale=1 and is_hot=1 ) LIMIT 5   [ RunTime:0.0010s ]
SQL: SELECT * FROM `jx_goods` WHERE ( is_sale=1 and is_rec=1 ) LIMIT 5   [ RunTime:0.0000s ]
SQL: SELECT * FROM `jx_goods` WHERE ( is_sale=1 and is_new=1 ) LIMIT 5   [ RunTime:0.0010s ]
SQL: SELECT * FROM `jx_goods` WHERE ( is_sale=1 and cx_price>0 and start<1508209546 and end>1508209546 ) LIMIT 5   [ RunTime:0.0010s ]
SQL: SELECT * FROM `jx_category` WHERE ( parent_id=0 )  [ RunTime:0.0000s ]
SQL: SELECT * FROM `jx_category` WHERE ( parent_id=3 )  [ RunTime:0.0010s ]
SQL: SELECT * FROM `jx_category` WHERE ( isrec = 1 and parent_id=3 )  [ RunTime:0.0010s ]
SQL: SELECT * FROM `jx_category`  [ RunTime:0.0000s ]
SQL: SHOW COLUMNS FROM `jx_goods` [ RunTime:0.0050s ]
SQL: SELECT * FROM `jx_goods` WHERE ( is_sale=1 and cate_id in (8,9,12,7) ) LIMIT 8   [ RunTime:0.0000s ]
SQL: SELECT * FROM `jx_category` WHERE ( parent_id=5 )  [ RunTime:0.0000s ]
SQL: SELECT * FROM `jx_category` WHERE ( isrec = 1 and parent_id=5 )  [ RunTime:0.0000s ]
SQL: SELECT * FROM `jx_category`  [ RunTime:0.0000s ]
SQL: SELECT * FROM `jx_goods` WHERE ( is_sale=1 and cate_id in (13,10) ) LIMIT 8   [ RunTime:0.0010s ]
SQL: SELECT * FROM `jx_category`  [ RunTime:0.0000s ]
NOTIC: [8] Undefined variable: tree D:\phpStudy\WWW\jxshop\Application\Admin\Model\CategoryModel.class.php 第 30 行.
SQL: SELECT * FROM `jx_goods` WHERE ( is_sale=1 and cate_id in (11) ) LIMIT 8   [ RunTime:0.0010s ]
INFO: [ view_parse ] --START--
INFO: [ template_filter ] --START--
INFO: Run Behavior\ContentReplaceBehavior [ RunTime:0.000000s ]
INFO: [ template_filter ] --END-- [ RunTime:0.001000s ]
INFO: Run Behavior\ParseTemplateBehavior [ RunTime:0.131008s ]
INFO: [ view_parse ] --END-- [ RunTime:0.131008s ]
INFO: [ view_filter ] --START--
INFO: Run Behavior\WriteHtmlCacheBehavior [ RunTime:0.001000s ]
INFO: [ view_filter ] --END-- [ RunTime:0.002000s ]
INFO: [ app_end ] --START--
INFO: Run Behavior\ShowPageTraceBehavior [ RunTime:0.002000s ]
INFO: [ app_end ] --END-- [ RunTime:0.003000s ]

[ 2017-10-17T11:07:42+08:00 ] 127.0.0.1 /User/login.html
INFO: [ app_init ] --START--
INFO: Run Behavior\BuildLiteBehavior [ RunTime:0.000000s ]
INFO: [ app_init ] --END-- [ RunTime:0.001000s ]
INFO: [ app_begin ] --START--
INFO: Run Behavior\ReadHtmlCacheBehavior [ RunTime:0.001000s ]
INFO: [ app_begin ] --END-- [ RunTime:0.001000s ]
NOTIC: [2] Missing argument 1 for Admin\Model\CategoryModel::getCateTree(), called in D:\phpStudy\WWW\jxshop\Application\Home\Controller\CommonController.class.php on line 16 and defined D:\phpStudy\WWW\jxshop\Application\Admin\Model\CategoryModel.class.php 第 34 行.
SQL: SELECT * FROM `jx_category`  [ RunTime:0.0000s ]
NOTIC: [8] Undefined variable: stop_id D:\phpStudy\WWW\jxshop\Application\Admin\Model\CategoryModel.class.php 第 39 行.
INFO: [ view_parse ] --START--
INFO: [ template_filter ] --START--
INFO: Run Behavior\ContentReplaceBehavior [ RunTime:0.000000s ]
INFO: [ template_filter ] --END-- [ RunTime:0.001000s ]
INFO: Run Behavior\ParseTemplateBehavior [ RunTime:0.020002s ]
INFO: [ view_parse ] --END-- [ RunTime:0.020002s ]
INFO: [ view_filter ] --START--
INFO: Run Behavior\WriteHtmlCacheBehavior [ RunTime:0.001000s ]
INFO: [ view_filter ] --END-- [ RunTime:0.001000s ]
INFO: [ app_end ] --START--
INFO: Run Behavior\ShowPageTraceBehavior [ RunTime:0.001000s ]
INFO: [ app_end ] --END-- [ RunTime:0.002000s ]

[ 2017-10-17T11:07:43+08:00 ] 127.0.0.1 /User/code.html
INFO: [ app_init ] --START--
INFO: Run Behavior\BuildLiteBehavior [ RunTime:0.001000s ]
INFO: [ app_init ] --END-- [ RunTime:0.001000s ]
INFO: [ app_begin ] --START--
INFO: Run Behavior\ReadHtmlCacheBehavior [ RunTime:0.004000s ]
INFO: [ app_begin ] --END-- [ RunTime:0.004000s ]
NOTIC: [2] Missing argument 1 for Admin\Model\CategoryModel::getCateTree(), called in D:\phpStudy\WWW\jxshop\Application\Home\Controller\CommonController.class.php on line 16 and defined D:\phpStudy\WWW\jxshop\Application\Admin\Model\CategoryModel.class.php 第 34 行.
SQL: SELECT * FROM `jx_category`  [ RunTime:0.0020s ]
NOTIC: [8] Undefined variable: stop_id D:\phpStudy\WWW\jxshop\Application\Admin\Model\CategoryModel.class.php 第 39 行.
INFO: [ app_end ] --START--
INFO: Run Behavior\ShowPageTraceBehavior [ RunTime:0.002000s ]
INFO: [ app_end ] --END-- [ RunTime:0.002000s ]

[ 2017-10-17T11:08:40+08:00 ] 127.0.0.1 /User/login.html
INFO: [ app_init ] --START--
INFO: Run Behavior\BuildLiteBehavior [ RunTime:0.000000s ]
INFO: [ app_init ] --END-- [ RunTime:0.001000s ]
INFO: [ app_begin ] --START--
INFO: Run Behavior\ReadHtmlCacheBehavior [ RunTime:0.001000s ]
INFO: [ app_begin ] --END-- [ RunTime:0.001000s ]
NOTIC: [2] Missing argument 1 for Admin\Model\CategoryModel::getCateTree(), called in D:\phpStudy\WWW\jxshop\Application\Home\Controller\CommonController.class.php on line 16 and defined D:\phpStudy\WWW\jxshop\Application\Admin\Model\CategoryModel.class.php 第 34 行.
SQL: SELECT * FROM `jx_category`  [ RunTime:0.0010s ]
NOTIC: [8] Undefined variable: stop_id D:\phpStudy\WWW\jxshop\Application\Admin\Model\CategoryModel.class.php 第 39 行.
INFO: [ view_parse ] --START--
INFO: [ template_filter ] --START--
INFO: Run Behavior\ContentReplaceBehavior [ RunTime:0.000000s ]
INFO: [ template_filter ] --END-- [ RunTime:0.000000s ]
INFO: Run Behavior\ParseTemplateBehavior [ RunTime:0.021001s ]
INFO: [ view_parse ] --END-- [ RunTime:0.022001s ]
INFO: [ view_filter ] --START--
INFO: Run Behavior\WriteHtmlCacheBehavior [ RunTime:0.001000s ]
INFO: [ view_filter ] --END-- [ RunTime:0.001000s ]
INFO: [ app_end ] --START--
INFO: Run Behavior\ShowPageTraceBehavior [ RunTime:0.002000s ]
INFO: [ app_end ] --END-- [ RunTime:0.002000s ]

[ 2017-10-17T11:08:40+08:00 ] 127.0.0.1 /User/code.html
INFO: [ app_init ] --START--
INFO: Run Behavior\BuildLiteBehavior [ RunTime:0.000000s ]
INFO: [ app_init ] --END-- [ RunTime:0.001000s ]
INFO: [ app_begin ] --START--
INFO: Run Behavior\ReadHtmlCacheBehavior [ RunTime:0.001000s ]
INFO: [ app_begin ] --END-- [ RunTime:0.002000s ]
NOTIC: [2] Missing argument 1 for Admin\Model\CategoryModel::getCateTree(), called in D:\phpStudy\WWW\jxshop\Application\Home\Controller\CommonController.class.php on line 16 and defined D:\phpStudy\WWW\jxshop\Application\Admin\Model\CategoryModel.class.php 第 34 行.
SQL: SELECT * FROM `jx_category`  [ RunTime:0.0000s ]
NOTIC: [8] Undefined variable: stop_id D:\phpStudy\WWW\jxshop\Application\Admin\Model\CategoryModel.class.php 第 39 行.
INFO: [ app_end ] --START--
INFO: Run Behavior\ShowPageTraceBehavior [ RunTime:0.001000s ]
INFO: [ app_end ] --END-- [ RunTime:0.002000s ]

[ 2017-10-17T11:08:41+08:00 ] 127.0.0.1 /User/login.html
INFO: [ app_init ] --START--
INFO: Run Behavior\BuildLiteBehavior [ RunTime:0.000000s ]
INFO: [ app_init ] --END-- [ RunTime:0.001000s ]
INFO: [ app_begin ] --START--
INFO: Run Behavior\ReadHtmlCacheBehavior [ RunTime:0.001000s ]
INFO: [ app_begin ] --END-- [ RunTime:0.002000s ]
NOTIC: [2] Missing argument 1 for Admin\Model\CategoryModel::getCateTree(), called in D:\phpStudy\WWW\jxshop\Application\Home\Controller\CommonController.class.php on line 16 and defined D:\phpStudy\WWW\jxshop\Application\Admin\Model\CategoryModel.class.php 第 34 行.
SQL: SELECT * FROM `jx_category`  [ RunTime:0.0010s ]
NOTIC: [8] Undefined variable: stop_id D:\phpStudy\WWW\jxshop\Application\Admin\Model\CategoryModel.class.php 第 39 行.
INFO: [ view_parse ] --START--
INFO: [ template_filter ] --START--
INFO: Run Behavior\ContentReplaceBehavior [ RunTime:0.000000s ]
INFO: [ template_filter ] --END-- [ RunTime:0.000000s ]
INFO: Run Behavior\ParseTemplateBehavior [ RunTime:0.021001s ]
INFO: [ view_parse ] --END-- [ RunTime:0.021001s ]
INFO: [ view_filter ] --START--
INFO: Run Behavior\WriteHtmlCacheBehavior [ RunTime:0.000000s ]
INFO: [ view_filter ] --END-- [ RunTime:0.002000s ]
INFO: [ app_end ] --START--
INFO: Run Behavior\ShowPageTraceBehavior [ RunTime:0.001000s ]
INFO: [ app_end ] --END-- [ RunTime:0.001000s ]

[ 2017-10-17T11:08:41+08:00 ] 127.0.0.1 /User/code.html
INFO: [ app_init ] --START--
INFO: Run Behavior\BuildLiteBehavior [ RunTime:0.000000s ]
INFO: [ app_init ] --END-- [ RunTime:0.001000s ]
INFO: [ app_begin ] --START--
INFO: Run Behavior\ReadHtmlCacheBehavior [ RunTime:0.002000s ]
INFO: [ app_begin ] --END-- [ RunTime:0.002000s ]
NOTIC: [2] Missing argument 1 for Admin\Model\CategoryModel::getCateTree(), called in D:\phpStudy\WWW\jxshop\Application\Home\Controller\CommonController.class.php on line 16 and defined D:\phpStudy\WWW\jxshop\Application\Admin\Model\CategoryModel.class.php 第 34 行.
SQL: SELECT * FROM `jx_category`  [ RunTime:0.0000s ]
NOTIC: [8] Undefined variable: stop_id D:\phpStudy\WWW\jxshop\Application\Admin\Model\CategoryModel.class.php 第 39 行.
INFO: [ app_end ] --START--
INFO: Run Behavior\ShowPageTraceBehavior [ RunTime:0.001000s ]
INFO: [ app_end ] --END-- [ RunTime:0.001000s ]

[ 2017-10-17T11:08:53+08:00 ] 127.0.0.1 /User/login.html
INFO: [ app_init ] --START--
INFO: Run Behavior\BuildLiteBehavior [ RunTime:0.000000s ]
INFO: [ app_init ] --END-- [ RunTime:0.000000s ]
INFO: [ app_begin ] --START--
INFO: Run Behavior\ReadHtmlCacheBehavior [ RunTime:0.001000s ]
INFO: [ app_begin ] --END-- [ RunTime:0.001000s ]
NOTIC: [2] Missing argument 1 for Admin\Model\CategoryModel::getCateTree(), called in D:\phpStudy\WWW\jxshop\Application\Home\Controller\CommonController.class.php on line 16 and defined D:\phpStudy\WWW\jxshop\Application\Admin\Model\CategoryModel.class.php 第 34 行.
SQL: SELECT * FROM `jx_category`  [ RunTime:0.0000s ]
NOTIC: [8] Undefined variable: stop_id D:\phpStudy\WWW\jxshop\Application\Admin\Model\CategoryModel.class.php 第 39 行.

[ 2017-10-17T11:08:56+08:00 ] 127.0.0.1 /User/code.html?_=1508209736150
INFO: [ app_init ] --START--
INFO: Run Behavior\BuildLiteBehavior [ RunTime:0.000000s ]
INFO: [ app_init ] --END-- [ RunTime:0.001000s ]
INFO: [ app_begin ] --START--
INFO: Run Behavior\ReadHtmlCacheBehavior [ RunTime:0.001000s ]
INFO: [ app_begin ] --END-- [ RunTime:0.001000s ]
NOTIC: [2] Missing argument 1 for Admin\Model\CategoryModel::getCateTree(), called in D:\phpStudy\WWW\jxshop\Application\Home\Controller\CommonController.class.php on line 16 and defined D:\phpStudy\WWW\jxshop\Application\Admin\Model\CategoryModel.class.php 第 34 行.
SQL: SELECT * FROM `jx_category`  [ RunTime:0.0000s ]
NOTIC: [8] Undefined variable: stop_id D:\phpStudy\WWW\jxshop\Application\Admin\Model\CategoryModel.class.php 第 39 行.
INFO: [ app_end ] --START--
INFO: Run Behavior\ShowPageTraceBehavior [ RunTime:0.001000s ]
INFO: [ app_end ] --END-- [ RunTime:0.002000s ]

[ 2017-10-17T11:09:00+08:00 ] 127.0.0.1 /User/login.html
INFO: [ app_init ] --START--
INFO: Run Behavior\BuildLiteBehavior [ RunTime:0.001000s ]
INFO: [ app_init ] --END-- [ RunTime:0.001000s ]
INFO: [ app_begin ] --START--
INFO: Run Behavior\ReadHtmlCacheBehavior [ RunTime:0.001000s ]
INFO: [ app_begin ] --END-- [ RunTime:0.001000s ]
NOTIC: [2] Missing argument 1 for Admin\Model\CategoryModel::getCateTree(), called in D:\phpStudy\WWW\jxshop\Application\Home\Controller\CommonController.class.php on line 16 and defined D:\phpStudy\WWW\jxshop\Application\Admin\Model\CategoryModel.class.php 第 34 行.
SQL: SELECT * FROM `jx_category`  [ RunTime:0.0010s ]
NOTIC: [8] Undefined variable: stop_id D:\phpStudy\WWW\jxshop\Application\Admin\Model\CategoryModel.class.php 第 39 行.
NOTIC: [8] Undefined index: url D:\phpStudy\WWW\jxshop\Application\Common\Common\function.php 第 53 行.

[ 2017-10-17T11:45:27+08:00 ] 127.0.0.1 /User/login.html
INFO: [ app_init ] --START--
INFO: Run Behavior\BuildLiteBehavior [ RunTime:0.000000s ]
INFO: [ app_init ] --END-- [ RunTime:0.001000s ]
INFO: [ app_begin ] --START--
INFO: Run Behavior\ReadHtmlCacheBehavior [ RunTime:0.002000s ]
INFO: [ app_begin ] --END-- [ RunTime:0.002000s ]
NOTIC: [2] Missing argument 1 for Admin\Model\CategoryModel::getCateTree(), called in D:\phpStudy\WWW\jxshop\Application\Home\Controller\CommonController.class.php on line 16 and defined D:\phpStudy\WWW\jxshop\Application\Admin\Model\CategoryModel.class.php 第 34 行.
SQL: SELECT * FROM `jx_category`  [ RunTime:0.0270s ]
NOTIC: [8] Undefined variable: stop_id D:\phpStudy\WWW\jxshop\Application\Admin\Model\CategoryModel.class.php 第 39 行.

[ 2017-10-17T11:45:29+08:00 ] 127.0.0.1 /User/code.html?_=1508209736150?_=1508211928733
INFO: [ app_init ] --START--
INFO: Run Behavior\BuildLiteBehavior [ RunTime:0.000000s ]
INFO: [ app_init ] --END-- [ RunTime:0.003000s ]
INFO: [ app_begin ] --START--
INFO: Run Behavior\ReadHtmlCacheBehavior [ RunTime:0.001000s ]
INFO: [ app_begin ] --END-- [ RunTime:0.001000s ]
NOTIC: [2] Missing argument 1 for Admin\Model\CategoryModel::getCateTree(), called in D:\phpStudy\WWW\jxshop\Application\Home\Controller\CommonController.class.php on line 16 and defined D:\phpStudy\WWW\jxshop\Application\Admin\Model\CategoryModel.class.php 第 34 行.
SQL: SELECT * FROM `jx_category`  [ RunTime:0.0010s ]
NOTIC: [8] Undefined variable: stop_id D:\phpStudy\WWW\jxshop\Application\Admin\Model\CategoryModel.class.php 第 39 行.
INFO: [ app_end ] --START--
INFO: Run Behavior\ShowPageTraceBehavior [ RunTime:0.037003s ]
INFO: [ app_end ] --END-- [ RunTime:0.037003s ]

[ 2017-10-17T11:45:32+08:00 ] 127.0.0.1 /User/login.html
INFO: [ app_init ] --START--
INFO: Run Behavior\BuildLiteBehavior [ RunTime:0.000000s ]
INFO: [ app_init ] --END-- [ RunTime:0.001000s ]
INFO: [ app_begin ] --START--
INFO: Run Behavior\ReadHtmlCacheBehavior [ RunTime:0.001000s ]
INFO: [ app_begin ] --END-- [ RunTime:0.001000s ]
NOTIC: [2] Missing argument 1 for Admin\Model\CategoryModel::getCateTree(), called in D:\phpStudy\WWW\jxshop\Application\Home\Controller\CommonController.class.php on line 16 and defined D:\phpStudy\WWW\jxshop\Application\Admin\Model\CategoryModel.class.php 第 34 行.
SQL: SELECT * FROM `jx_category`  [ RunTime:0.0010s ]
NOTIC: [8] Undefined variable: stop_id D:\phpStudy\WWW\jxshop\Application\Admin\Model\CategoryModel.class.php 第 39 行.
NOTIC: [8] Undefined index: url D:\phpStudy\WWW\jxshop\Application\Common\Common\function.php 第 53 行.

[ 2017-10-17T11:45:34+08:00 ] 127.0.0.1 /User/login.html
INFO: [ app_init ] --START--
INFO: Run Behavior\BuildLiteBehavior [ RunTime:0.000000s ]
INFO: [ app_init ] --END-- [ RunTime:0.002000s ]
INFO: [ app_begin ] --START--
INFO: Run Behavior\ReadHtmlCacheBehavior [ RunTime:0.001000s ]
INFO: [ app_begin ] --END-- [ RunTime:0.001000s ]
NOTIC: [2] Missing argument 1 for Admin\Model\CategoryModel::getCateTree(), called in D:\phpStudy\WWW\jxshop\Application\Home\Controller\CommonController.class.php on line 16 and defined D:\phpStudy\WWW\jxshop\Application\Admin\Model\CategoryModel.class.php 第 34 行.
SQL: SELECT * FROM `jx_category`  [ RunTime:0.0010s ]
NOTIC: [8] Undefined variable: stop_id D:\phpStudy\WWW\jxshop\Application\Admin\Model\CategoryModel.class.php 第 39 行.

[ 2017-10-17T11:45:35+08:00 ] 127.0.0.1 /User/code.html?_=1508209736150?_=1508211928733?_=1508211935382
INFO: [ app_init ] --START--
INFO: Run Behavior\BuildLiteBehavior [ RunTime:0.000000s ]
INFO: [ app_init ] --END-- [ RunTime:0.001000s ]
INFO: [ app_begin ] --START--
INFO: Run Behavior\ReadHtmlCacheBehavior [ RunTime:0.002000s ]
INFO: [ app_begin ] --END-- [ RunTime:0.002000s ]
NOTIC: [2] Missing argument 1 for Admin\Model\CategoryModel::getCateTree(), called in D:\phpStudy\WWW\jxshop\Application\Home\Controller\CommonController.class.php on line 16 and defined D:\phpStudy\WWW\jxshop\Application\Admin\Model\CategoryModel.class.php 第 34 行.
SQL: SELECT * FROM `jx_category`  [ RunTime:0.0010s ]
NOTIC: [8] Undefined variable: stop_id D:\phpStudy\WWW\jxshop\Application\Admin\Model\CategoryModel.class.php 第 39 行.
INFO: [ app_end ] --START--
INFO: Run Behavior\ShowPageTraceBehavior [ RunTime:0.002000s ]
INFO: [ app_end ] --END-- [ RunTime:0.002000s ]

[ 2017-10-17T11:45:43+08:00 ] 127.0.0.1 /User/login.html
INFO: [ app_init ] --START--
INFO: Run Behavior\BuildLiteBehavior [ RunTime:0.001000s ]
INFO: [ app_init ] --END-- [ RunTime:0.004001s ]
INFO: [ app_begin ] --START--
INFO: Run Behavior\ReadHtmlCacheBehavior [ RunTime:0.001000s ]
INFO: [ app_begin ] --END-- [ RunTime:0.002000s ]
NOTIC: [2] Missing argument 1 for Admin\Model\CategoryModel::getCateTree(), called in D:\phpStudy\WWW\jxshop\Application\Home\Controller\CommonController.class.php on line 16 and defined D:\phpStudy\WWW\jxshop\Application\Admin\Model\CategoryModel.class.php 第 34 行.
SQL: SELECT * FROM `jx_category`  [ RunTime:0.0010s ]
NOTIC: [8] Undefined variable: stop_id D:\phpStudy\WWW\jxshop\Application\Admin\Model\CategoryModel.class.php 第 39 行.
NOTIC: [8] Undefined index: url D:\phpStudy\WWW\jxshop\Application\Common\Common\function.php 第 53 行.

