[ 2017-10-24T15:00:16+08:00 ] 127.0.0.1 /Admin/login/login.html
INFO: [ app_init ] --START--
INFO: Run Behavior\BuildLiteBehavior [ RunTime:0.000000s ]
INFO: [ app_init ] --END-- [ RunTime:0.061003s ]
INFO: [ app_begin ] --START--
INFO: Run Behavior\ReadHtmlCacheBehavior [ RunTime:0.001000s ]
INFO: [ app_begin ] --END-- [ RunTime:0.003000s ]
INFO: [ view_parse ] --START--
INFO: [ template_filter ] --START--
INFO: Run Behavior\ContentReplaceBehavior [ RunTime:0.031002s ]
INFO: [ template_filter ] --END-- [ RunTime:0.031002s ]
INFO: Run Behavior\ParseTemplateBehavior [ RunTime:0.090005s ]
INFO: [ view_parse ] --END-- [ RunTime:0.091005s ]
INFO: [ view_filter ] --START--
INFO: Run Behavior\WriteHtmlCacheBehavior [ RunTime:0.012001s ]
INFO: [ view_filter ] --END-- [ RunTime:0.012001s ]
INFO: [ app_end ] --START--
INFO: Run Behavior\ShowPageTraceBehavior [ RunTime:0.047003s ]
INFO: [ app_end ] --END-- [ RunTime:0.048003s ]

[ 2017-10-24T15:00:16+08:00 ] 127.0.0.1 /Admin/login/login.html
INFO: [ app_init ] --START--
INFO: Run Behavior\BuildLiteBehavior [ RunTime:0.000000s ]
INFO: [ app_init ] --END-- [ RunTime:0.061003s ]
INFO: [ app_begin ] --START--
INFO: Run Behavior\ReadHtmlCacheBehavior [ RunTime:0.002000s ]
INFO: [ app_begin ] --END-- [ RunTime:0.003000s ]
INFO: [ view_parse ] --START--
INFO: [ template_filter ] --START--
INFO: Run Behavior\ContentReplaceBehavior [ RunTime:0.030002s ]
INFO: [ template_filter ] --END-- [ RunTime:0.030002s ]
INFO: Run Behavior\ParseTemplateBehavior [ RunTime:0.090005s ]
INFO: [ view_parse ] --END-- [ RunTime:0.090005s ]
INFO: [ view_filter ] --START--
INFO: Run Behavior\WriteHtmlCacheBehavior [ RunTime:0.014001s ]
INFO: [ view_filter ] --END-- [ RunTime:0.015001s ]
INFO: [ app_end ] --START--
INFO: Run Behavior\ShowPageTraceBehavior [ RunTime:0.049003s ]
INFO: [ app_end ] --END-- [ RunTime:0.050003s ]

[ 2017-10-24T15:00:22+08:00 ] 127.0.0.1 /Admin/Login/verify.html
INFO: [ app_init ] --START--
INFO: Run Behavior\BuildLiteBehavior [ RunTime:0.000000s ]
INFO: [ app_init ] --END-- [ RunTime:0.001000s ]
INFO: [ app_begin ] --START--
INFO: Run Behavior\ReadHtmlCacheBehavior [ RunTime:0.001001s ]
INFO: [ app_begin ] --END-- [ RunTime:0.001001s ]
INFO: [ app_end ] --START--
INFO: Run Behavior\ShowPageTraceBehavior [ RunTime:0.001000s ]
INFO: [ app_end ] --END-- [ RunTime:0.002000s ]

[ 2017-10-24T15:00:48+08:00 ] 127.0.0.1 /Admin/login/login.html
INFO: [ app_init ] --START--
INFO: Run Behavior\BuildLiteBehavior [ RunTime:0.000000s ]
INFO: [ app_init ] --END-- [ RunTime:0.002000s ]
INFO: [ app_begin ] --START--
INFO: Run Behavior\ReadHtmlCacheBehavior [ RunTime:0.001000s ]
INFO: [ app_begin ] --END-- [ RunTime:0.002000s ]
NOTIC: [2048] Declaration of Admin\Model\AdminModel::_after_insert() should be compatible with Think\Model::_after_insert($data, $options) D:\phpStudy\WWW\jxshop\Application\Admin\Model\AdminModel.class.php 第 10 行.
SQL: SELECT * FROM `jx_admin` WHERE ( username='admin' ) LIMIT 1   [ RunTime:0.0880s ]
INFO: [ view_parse ] --START--
INFO: [ template_filter ] --START--
INFO: Run Behavior\ContentReplaceBehavior [ RunTime:0.000000s ]
INFO: [ template_filter ] --END-- [ RunTime:0.002000s ]
INFO: Run Behavior\ParseTemplateBehavior [ RunTime:0.046002s ]
INFO: [ view_parse ] --END-- [ RunTime:0.046002s ]
INFO: [ view_filter ] --START--
INFO: Run Behavior\WriteHtmlCacheBehavior [ RunTime:0.000000s ]
INFO: [ view_filter ] --END-- [ RunTime:0.001000s ]
INFO: [ app_end ] --START--
INFO: Run Behavior\ShowPageTraceBehavior [ RunTime:0.001000s ]
INFO: [ app_end ] --END-- [ RunTime:0.001000s ]

[ 2017-10-24T15:00:51+08:00 ] 127.0.0.1 /Admin/Index/index.html
INFO: [ app_init ] --START--
INFO: Run Behavior\BuildLiteBehavior [ RunTime:0.000000s ]
INFO: [ app_init ] --END-- [ RunTime:0.002000s ]
INFO: [ app_begin ] --START--
INFO: Run Behavior\ReadHtmlCacheBehavior [ RunTime:0.001000s ]
INFO: [ app_begin ] --END-- [ RunTime:0.001000s ]
NOTIC: [8] Memcache::connect():  D:\phpStudy\WWW\jxshop\ThinkPHP\Library\Think\Cache\Driver\Memcache.class.php 第 43 行.
NOTIC: [2] Memcache::connect():  D:\phpStudy\WWW\jxshop\ThinkPHP\Library\Think\Cache\Driver\Memcache.class.php 第 43 行.
NOTIC: [2] Memcache::get(): No servers added to memcache connection D:\phpStudy\WWW\jxshop\ThinkPHP\Library\Think\Cache\Driver\Memcache.class.php 第 55 行.
SQL: SHOW COLUMNS FROM `jx_admin_role` [ RunTime:0.0720s ]
SQL: SELECT * FROM `jx_admin_role` WHERE ( admin_id=1 ) LIMIT 1   [ RunTime:0.0000s ]
SQL: SELECT * FROM `jx_rule`  [ RunTime:0.0100s ]
NOTIC: [2] Memcache::set(): No servers added to memcache connection D:\phpStudy\WWW\jxshop\ThinkPHP\Library\Think\Cache\Driver\Memcache.class.php 第 72 行.
NOTIC: [2] Memcache::set(): No servers added to memcache connection D:\phpStudy\WWW\jxshop\ThinkPHP\Library\Think\Cache\Driver\Memcache.class.php 第 72 行.
NOTIC: [2] Memcache::set(): No servers added to memcache connection D:\phpStudy\WWW\jxshop\ThinkPHP\Library\Think\Cache\Driver\Memcache.class.php 第 72 行.
NOTIC: [2] Memcache::set(): No servers added to memcache connection D:\phpStudy\WWW\jxshop\ThinkPHP\Library\Think\Cache\Driver\Memcache.class.php 第 72 行.
NOTIC: [2] Memcache::set(): No servers added to memcache connection D:\phpStudy\WWW\jxshop\ThinkPHP\Library\Think\Cache\Driver\Memcache.class.php 第 72 行.
NOTIC: [2] Memcache::set(): No servers added to memcache connection D:\phpStudy\WWW\jxshop\ThinkPHP\Library\Think\Cache\Driver\Memcache.class.php 第 72 行.
NOTIC: [2] Memcache::set(): No servers added to memcache connection D:\phpStudy\WWW\jxshop\ThinkPHP\Library\Think\Cache\Driver\Memcache.class.php 第 72 行.
NOTIC: [2] Memcache::set(): No servers added to memcache connection D:\phpStudy\WWW\jxshop\ThinkPHP\Library\Think\Cache\Driver\Memcache.class.php 第 72 行.
NOTIC: [2] Memcache::set(): No servers added to memcache connection D:\phpStudy\WWW\jxshop\ThinkPHP\Library\Think\Cache\Driver\Memcache.class.php 第 72 行.
NOTIC: [2] Memcache::set(): No servers added to memcache connection D:\phpStudy\WWW\jxshop\ThinkPHP\Library\Think\Cache\Driver\Memcache.class.php 第 72 行.
NOTIC: [2] Memcache::set(): No servers added to memcache connection D:\phpStudy\WWW\jxshop\ThinkPHP\Library\Think\Cache\Driver\Memcache.class.php 第 72 行.
NOTIC: [2] Memcache::set(): No servers added to memcache connection D:\phpStudy\WWW\jxshop\ThinkPHP\Library\Think\Cache\Driver\Memcache.class.php 第 72 行.
NOTIC: [2] Memcache::set(): No servers added to memcache connection D:\phpStudy\WWW\jxshop\ThinkPHP\Library\Think\Cache\Driver\Memcache.class.php 第 72 行.
NOTIC: [2] Memcache::set(): No servers added to memcache connection D:\phpStudy\WWW\jxshop\ThinkPHP\Library\Think\Cache\Driver\Memcache.class.php 第 72 行.
NOTIC: [2] Memcache::set(): No servers added to memcache connection D:\phpStudy\WWW\jxshop\ThinkPHP\Library\Think\Cache\Driver\Memcache.class.php 第 72 行.
NOTIC: [2] Memcache::set(): No servers added to memcache connection D:\phpStudy\WWW\jxshop\ThinkPHP\Library\Think\Cache\Driver\Memcache.class.php 第 72 行.
NOTIC: [2] Memcache::set(): No servers added to memcache connection D:\phpStudy\WWW\jxshop\ThinkPHP\Library\Think\Cache\Driver\Memcache.class.php 第 72 行.
NOTIC: [2] Memcache::set(): No servers added to memcache connection D:\phpStudy\WWW\jxshop\ThinkPHP\Library\Think\Cache\Driver\Memcache.class.php 第 72 行.
NOTIC: [2] Memcache::set(): No servers added to memcache connection D:\phpStudy\WWW\jxshop\ThinkPHP\Library\Think\Cache\Driver\Memcache.class.php 第 72 行.
NOTIC: [2] Memcache::set(): No servers added to memcache connection D:\phpStudy\WWW\jxshop\ThinkPHP\Library\Think\Cache\Driver\Memcache.class.php 第 72 行.
NOTIC: [2] Memcache::set(): No servers added to memcache connection D:\phpStudy\WWW\jxshop\ThinkPHP\Library\Think\Cache\Driver\Memcache.class.php 第 72 行.
NOTIC: [2] Memcache::set(): No servers added to memcache connection D:\phpStudy\WWW\jxshop\ThinkPHP\Library\Think\Cache\Driver\Memcache.class.php 第 72 行.
NOTIC: [2] Memcache::set(): No servers added to memcache connection D:\phpStudy\WWW\jxshop\ThinkPHP\Library\Think\Cache\Driver\Memcache.class.php 第 72 行.
NOTIC: [2] Memcache::set(): No servers added to memcache connection D:\phpStudy\WWW\jxshop\ThinkPHP\Library\Think\Cache\Driver\Memcache.class.php 第 72 行.
NOTIC: [2] Memcache::set(): No servers added to memcache connection D:\phpStudy\WWW\jxshop\ThinkPHP\Library\Think\Cache\Driver\Memcache.class.php 第 72 行.
NOTIC: [2] Memcache::set(): No servers added to memcache connection D:\phpStudy\WWW\jxshop\ThinkPHP\Library\Think\Cache\Driver\Memcache.class.php 第 72 行.
NOTIC: [2] Memcache::set(): No servers added to memcache connection D:\phpStudy\WWW\jxshop\ThinkPHP\Library\Think\Cache\Driver\Memcache.class.php 第 72 行.
INFO: [ view_parse ] --START--
INFO: [ template_filter ] --START--
INFO: Run Behavior\ContentReplaceBehavior [ RunTime:0.001000s ]
INFO: [ template_filter ] --END-- [ RunTime:0.001000s ]
INFO: Run Behavior\ParseTemplateBehavior [ RunTime:0.023001s ]
INFO: [ view_parse ] --END-- [ RunTime:0.024001s ]
INFO: [ view_filter ] --START--
INFO: Run Behavior\WriteHtmlCacheBehavior [ RunTime:0.001000s ]
INFO: [ view_filter ] --END-- [ RunTime:0.001000s ]
INFO: [ app_end ] --START--
INFO: Run Behavior\ShowPageTraceBehavior [ RunTime:0.000000s ]
INFO: [ app_end ] --END-- [ RunTime:0.001000s ]

[ 2017-10-24T15:01:15+08:00 ] 127.0.0.1 /Admin/Index/index.html
INFO: [ app_init ] --START--
INFO: Run Behavior\BuildLiteBehavior [ RunTime:0.000000s ]
INFO: [ app_init ] --END-- [ RunTime:0.001000s ]
INFO: [ app_begin ] --START--
INFO: Run Behavior\ReadHtmlCacheBehavior [ RunTime:0.001000s ]
INFO: [ app_begin ] --END-- [ RunTime:0.001000s ]
NOTIC: [8] Memcache::connect():  D:\phpStudy\WWW\jxshop\ThinkPHP\Library\Think\Cache\Driver\Memcache.class.php 第 43 行.
NOTIC: [2] Memcache::connect():  D:\phpStudy\WWW\jxshop\ThinkPHP\Library\Think\Cache\Driver\Memcache.class.php 第 43 行.
NOTIC: [2] Memcache::get(): No servers added to memcache connection D:\phpStudy\WWW\jxshop\ThinkPHP\Library\Think\Cache\Driver\Memcache.class.php 第 55 行.
SQL: SHOW COLUMNS FROM `jx_admin_role` [ RunTime:0.0070s ]
SQL: SELECT * FROM `jx_admin_role` WHERE ( admin_id=1 ) LIMIT 1   [ RunTime:0.0010s ]
SQL: SELECT * FROM `jx_rule`  [ RunTime:0.0000s ]
NOTIC: [2] Memcache::set(): No servers added to memcache connection D:\phpStudy\WWW\jxshop\ThinkPHP\Library\Think\Cache\Driver\Memcache.class.php 第 72 行.
NOTIC: [2] Memcache::set(): No servers added to memcache connection D:\phpStudy\WWW\jxshop\ThinkPHP\Library\Think\Cache\Driver\Memcache.class.php 第 72 行.
NOTIC: [2] Memcache::set(): No servers added to memcache connection D:\phpStudy\WWW\jxshop\ThinkPHP\Library\Think\Cache\Driver\Memcache.class.php 第 72 行.
NOTIC: [2] Memcache::set(): No servers added to memcache connection D:\phpStudy\WWW\jxshop\ThinkPHP\Library\Think\Cache\Driver\Memcache.class.php 第 72 行.
NOTIC: [2] Memcache::set(): No servers added to memcache connection D:\phpStudy\WWW\jxshop\ThinkPHP\Library\Think\Cache\Driver\Memcache.class.php 第 72 行.
NOTIC: [2] Memcache::set(): No servers added to memcache connection D:\phpStudy\WWW\jxshop\ThinkPHP\Library\Think\Cache\Driver\Memcache.class.php 第 72 行.
NOTIC: [2] Memcache::set(): No servers added to memcache connection D:\phpStudy\WWW\jxshop\ThinkPHP\Library\Think\Cache\Driver\Memcache.class.php 第 72 行.
NOTIC: [2] Memcache::set(): No servers added to memcache connection D:\phpStudy\WWW\jxshop\ThinkPHP\Library\Think\Cache\Driver\Memcache.class.php 第 72 行.
NOTIC: [2] Memcache::set(): No servers added to memcache connection D:\phpStudy\WWW\jxshop\ThinkPHP\Library\Think\Cache\Driver\Memcache.class.php 第 72 行.
NOTIC: [2] Memcache::set(): No servers added to memcache connection D:\phpStudy\WWW\jxshop\ThinkPHP\Library\Think\Cache\Driver\Memcache.class.php 第 72 行.
NOTIC: [2] Memcache::set(): No servers added to memcache connection D:\phpStudy\WWW\jxshop\ThinkPHP\Library\Think\Cache\Driver\Memcache.class.php 第 72 行.
NOTIC: [2] Memcache::set(): No servers added to memcache connection D:\phpStudy\WWW\jxshop\ThinkPHP\Library\Think\Cache\Driver\Memcache.class.php 第 72 行.
NOTIC: [2] Memcache::set(): No servers added to memcache connection D:\phpStudy\WWW\jxshop\ThinkPHP\Library\Think\Cache\Driver\Memcache.class.php 第 72 行.
NOTIC: [2] Memcache::set(): No servers added to memcache connection D:\phpStudy\WWW\jxshop\ThinkPHP\Library\Think\Cache\Driver\Memcache.class.php 第 72 行.
NOTIC: [2] Memcache::set(): No servers added to memcache connection D:\phpStudy\WWW\jxshop\ThinkPHP\Library\Think\Cache\Driver\Memcache.class.php 第 72 行.
NOTIC: [2] Memcache::set(): No servers added to memcache connection D:\phpStudy\WWW\jxshop\ThinkPHP\Library\Think\Cache\Driver\Memcache.class.php 第 72 行.
NOTIC: [2] Memcache::set(): No servers added to memcache connection D:\phpStudy\WWW\jxshop\ThinkPHP\Library\Think\Cache\Driver\Memcache.class.php 第 72 行.
NOTIC: [2] Memcache::set(): No servers added to memcache connection D:\phpStudy\WWW\jxshop\ThinkPHP\Library\Think\Cache\Driver\Memcache.class.php 第 72 行.
NOTIC: [2] Memcache::set(): No servers added to memcache connection D:\phpStudy\WWW\jxshop\ThinkPHP\Library\Think\Cache\Driver\Memcache.class.php 第 72 行.
NOTIC: [2] Memcache::set(): No servers added to memcache connection D:\phpStudy\WWW\jxshop\ThinkPHP\Library\Think\Cache\Driver\Memcache.class.php 第 72 行.
NOTIC: [2] Memcache::set(): No servers added to memcache connection D:\phpStudy\WWW\jxshop\ThinkPHP\Library\Think\Cache\Driver\Memcache.class.php 第 72 行.
NOTIC: [2] Memcache::set(): No servers added to memcache connection D:\phpStudy\WWW\jxshop\ThinkPHP\Library\Think\Cache\Driver\Memcache.class.php 第 72 行.
NOTIC: [2] Memcache::set(): No servers added to memcache connection D:\phpStudy\WWW\jxshop\ThinkPHP\Library\Think\Cache\Driver\Memcache.class.php 第 72 行.
NOTIC: [2] Memcache::set(): No servers added to memcache connection D:\phpStudy\WWW\jxshop\ThinkPHP\Library\Think\Cache\Driver\Memcache.class.php 第 72 行.
NOTIC: [2] Memcache::set(): No servers added to memcache connection D:\phpStudy\WWW\jxshop\ThinkPHP\Library\Think\Cache\Driver\Memcache.class.php 第 72 行.
NOTIC: [2] Memcache::set(): No servers added to memcache connection D:\phpStudy\WWW\jxshop\ThinkPHP\Library\Think\Cache\Driver\Memcache.class.php 第 72 行.
NOTIC: [2] Memcache::set(): No servers added to memcache connection D:\phpStudy\WWW\jxshop\ThinkPHP\Library\Think\Cache\Driver\Memcache.class.php 第 72 行.
INFO: [ view_parse ] --START--
INFO: [ template_filter ] --START--
INFO: Run Behavior\ContentReplaceBehavior [ RunTime:0.001000s ]
INFO: [ template_filter ] --END-- [ RunTime:0.001000s ]
INFO: Run Behavior\ParseTemplateBehavior [ RunTime:0.012000s ]
INFO: [ view_parse ] --END-- [ RunTime:0.012000s ]
INFO: [ view_filter ] --START--
INFO: Run Behavior\WriteHtmlCacheBehavior [ RunTime:0.001000s ]
INFO: [ view_filter ] --END-- [ RunTime:0.001000s ]
INFO: [ app_end ] --START--
INFO: Run Behavior\ShowPageTraceBehavior [ RunTime:0.000000s ]
INFO: [ app_end ] --END-- [ RunTime:0.001000s ]

[ 2017-10-24T15:01:18+08:00 ] 127.0.0.1 /Admin/Index/index.html
INFO: [ app_init ] --START--
INFO: Run Behavior\BuildLiteBehavior [ RunTime:0.000000s ]
INFO: [ app_init ] --END-- [ RunTime:0.001000s ]
INFO: [ app_begin ] --START--
INFO: Run Behavior\ReadHtmlCacheBehavior [ RunTime:0.003000s ]
INFO: [ app_begin ] --END-- [ RunTime:0.003000s ]
NOTIC: [8] Memcache::connect():  D:\phpStudy\WWW\jxshop\ThinkPHP\Library\Think\Cache\Driver\Memcache.class.php 第 43 行.
NOTIC: [2] Memcache::connect():  D:\phpStudy\WWW\jxshop\ThinkPHP\Library\Think\Cache\Driver\Memcache.class.php 第 43 行.
NOTIC: [2] Memcache::get(): No servers added to memcache connection D:\phpStudy\WWW\jxshop\ThinkPHP\Library\Think\Cache\Driver\Memcache.class.php 第 55 行.
SQL: SHOW COLUMNS FROM `jx_admin_role` [ RunTime:0.0050s ]
SQL: SELECT * FROM `jx_admin_role` WHERE ( admin_id=1 ) LIMIT 1   [ RunTime:0.0010s ]
SQL: SELECT * FROM `jx_rule`  [ RunTime:0.0010s ]
NOTIC: [2] Memcache::set(): No servers added to memcache connection D:\phpStudy\WWW\jxshop\ThinkPHP\Library\Think\Cache\Driver\Memcache.class.php 第 72 行.
NOTIC: [2] Memcache::set(): No servers added to memcache connection D:\phpStudy\WWW\jxshop\ThinkPHP\Library\Think\Cache\Driver\Memcache.class.php 第 72 行.
NOTIC: [2] Memcache::set(): No servers added to memcache connection D:\phpStudy\WWW\jxshop\ThinkPHP\Library\Think\Cache\Driver\Memcache.class.php 第 72 行.
NOTIC: [2] Memcache::set(): No servers added to memcache connection D:\phpStudy\WWW\jxshop\ThinkPHP\Library\Think\Cache\Driver\Memcache.class.php 第 72 行.
NOTIC: [2] Memcache::set(): No servers added to memcache connection D:\phpStudy\WWW\jxshop\ThinkPHP\Library\Think\Cache\Driver\Memcache.class.php 第 72 行.
NOTIC: [2] Memcache::set(): No servers added to memcache connection D:\phpStudy\WWW\jxshop\ThinkPHP\Library\Think\Cache\Driver\Memcache.class.php 第 72 行.
NOTIC: [2] Memcache::set(): No servers added to memcache connection D:\phpStudy\WWW\jxshop\ThinkPHP\Library\Think\Cache\Driver\Memcache.class.php 第 72 行.
NOTIC: [2] Memcache::set(): No servers added to memcache connection D:\phpStudy\WWW\jxshop\ThinkPHP\Library\Think\Cache\Driver\Memcache.class.php 第 72 行.
NOTIC: [2] Memcache::set(): No servers added to memcache connection D:\phpStudy\WWW\jxshop\ThinkPHP\Library\Think\Cache\Driver\Memcache.class.php 第 72 行.
NOTIC: [2] Memcache::set(): No servers added to memcache connection D:\phpStudy\WWW\jxshop\ThinkPHP\Library\Think\Cache\Driver\Memcache.class.php 第 72 行.
NOTIC: [2] Memcache::set(): No servers added to memcache connection D:\phpStudy\WWW\jxshop\ThinkPHP\Library\Think\Cache\Driver\Memcache.class.php 第 72 行.
NOTIC: [2] Memcache::set(): No servers added to memcache connection D:\phpStudy\WWW\jxshop\ThinkPHP\Library\Think\Cache\Driver\Memcache.class.php 第 72 行.
NOTIC: [2] Memcache::set(): No servers added to memcache connection D:\phpStudy\WWW\jxshop\ThinkPHP\Library\Think\Cache\Driver\Memcache.class.php 第 72 行.
NOTIC: [2] Memcache::set(): No servers added to memcache connection D:\phpStudy\WWW\jxshop\ThinkPHP\Library\Think\Cache\Driver\Memcache.class.php 第 72 行.
NOTIC: [2] Memcache::set(): No servers added to memcache connection D:\phpStudy\WWW\jxshop\ThinkPHP\Library\Think\Cache\Driver\Memcache.class.php 第 72 行.
NOTIC: [2] Memcache::set(): No servers added to memcache connection D:\phpStudy\WWW\jxshop\ThinkPHP\Library\Think\Cache\Driver\Memcache.class.php 第 72 行.
NOTIC: [2] Memcache::set(): No servers added to memcache connection D:\phpStudy\WWW\jxshop\ThinkPHP\Library\Think\Cache\Driver\Memcache.class.php 第 72 行.
NOTIC: [2] Memcache::set(): No servers added to memcache connection D:\phpStudy\WWW\jxshop\ThinkPHP\Library\Think\Cache\Driver\Memcache.class.php 第 72 行.
NOTIC: [2] Memcache::set(): No servers added to memcache connection D:\phpStudy\WWW\jxshop\ThinkPHP\Library\Think\Cache\Driver\Memcache.class.php 第 72 行.
NOTIC: [2] Memcache::set(): No servers added to memcache connection D:\phpStudy\WWW\jxshop\ThinkPHP\Library\Think\Cache\Driver\Memcache.class.php 第 72 行.
NOTIC: [2] Memcache::set(): No servers added to memcache connection D:\phpStudy\WWW\jxshop\ThinkPHP\Library\Think\Cache\Driver\Memcache.class.php 第 72 行.
NOTIC: [2] Memcache::set(): No servers added to memcache connection D:\phpStudy\WWW\jxshop\ThinkPHP\Library\Think\Cache\Driver\Memcache.class.php 第 72 行.
NOTIC: [2] Memcache::set(): No servers added to memcache connection D:\phpStudy\WWW\jxshop\ThinkPHP\Library\Think\Cache\Driver\Memcache.class.php 第 72 行.
NOTIC: [2] Memcache::set(): No servers added to memcache connection D:\phpStudy\WWW\jxshop\ThinkPHP\Library\Think\Cache\Driver\Memcache.class.php 第 72 行.
NOTIC: [2] Memcache::set(): No servers added to memcache connection D:\phpStudy\WWW\jxshop\ThinkPHP\Library\Think\Cache\Driver\Memcache.class.php 第 72 行.
NOTIC: [2] Memcache::set(): No servers added to memcache connection D:\phpStudy\WWW\jxshop\ThinkPHP\Library\Think\Cache\Driver\Memcache.class.php 第 72 行.
NOTIC: [2] Memcache::set(): No servers added to memcache connection D:\phpStudy\WWW\jxshop\ThinkPHP\Library\Think\Cache\Driver\Memcache.class.php 第 72 行.
INFO: [ view_parse ] --START--
INFO: [ template_filter ] --START--
INFO: Run Behavior\ContentReplaceBehavior [ RunTime:0.000000s ]
INFO: [ template_filter ] --END-- [ RunTime:0.001001s ]
INFO: Run Behavior\ParseTemplateBehavior [ RunTime:0.013001s ]
INFO: [ view_parse ] --END-- [ RunTime:0.013001s ]
INFO: [ view_filter ] --START--
INFO: Run Behavior\WriteHtmlCacheBehavior [ RunTime:0.000000s ]
INFO: [ view_filter ] --END-- [ RunTime:0.001000s ]
INFO: [ app_end ] --START--
INFO: Run Behavior\ShowPageTraceBehavior [ RunTime:0.001000s ]
INFO: [ app_end ] --END-- [ RunTime:0.001000s ]

[ 2017-10-24T15:01:45+08:00 ] 127.0.0.1 /Admin/Index/index.html
INFO: [ app_init ] --START--
INFO: Run Behavior\BuildLiteBehavior [ RunTime:0.000000s ]
INFO: [ app_init ] --END-- [ RunTime:0.001000s ]
INFO: [ app_begin ] --START--
INFO: Run Behavior\ReadHtmlCacheBehavior [ RunTime:0.003000s ]
INFO: [ app_begin ] --END-- [ RunTime:0.003000s ]
NOTIC: [8] Memcache::connect():  D:\phpStudy\WWW\jxshop\ThinkPHP\Library\Think\Cache\Driver\Memcache.class.php 第 43 行.
NOTIC: [2] Memcache::connect():  D:\phpStudy\WWW\jxshop\ThinkPHP\Library\Think\Cache\Driver\Memcache.class.php 第 43 行.
NOTIC: [2] Memcache::get(): No servers added to memcache connection D:\phpStudy\WWW\jxshop\ThinkPHP\Library\Think\Cache\Driver\Memcache.class.php 第 55 行.
SQL: SHOW COLUMNS FROM `jx_admin_role` [ RunTime:0.0050s ]
SQL: SELECT * FROM `jx_admin_role` WHERE ( admin_id=1 ) LIMIT 1   [ RunTime:0.0010s ]
SQL: SELECT * FROM `jx_rule`  [ RunTime:0.0020s ]
NOTIC: [2] Memcache::set(): No servers added to memcache connection D:\phpStudy\WWW\jxshop\ThinkPHP\Library\Think\Cache\Driver\Memcache.class.php 第 72 行.
NOTIC: [2] Memcache::set(): No servers added to memcache connection D:\phpStudy\WWW\jxshop\ThinkPHP\Library\Think\Cache\Driver\Memcache.class.php 第 72 行.
NOTIC: [2] Memcache::set(): No servers added to memcache connection D:\phpStudy\WWW\jxshop\ThinkPHP\Library\Think\Cache\Driver\Memcache.class.php 第 72 行.
NOTIC: [2] Memcache::set(): No servers added to memcache connection D:\phpStudy\WWW\jxshop\ThinkPHP\Library\Think\Cache\Driver\Memcache.class.php 第 72 行.
NOTIC: [2] Memcache::set(): No servers added to memcache connection D:\phpStudy\WWW\jxshop\ThinkPHP\Library\Think\Cache\Driver\Memcache.class.php 第 72 行.
NOTIC: [2] Memcache::set(): No servers added to memcache connection D:\phpStudy\WWW\jxshop\ThinkPHP\Library\Think\Cache\Driver\Memcache.class.php 第 72 行.
NOTIC: [2] Memcache::set(): No servers added to memcache connection D:\phpStudy\WWW\jxshop\ThinkPHP\Library\Think\Cache\Driver\Memcache.class.php 第 72 行.
NOTIC: [2] Memcache::set(): No servers added to memcache connection D:\phpStudy\WWW\jxshop\ThinkPHP\Library\Think\Cache\Driver\Memcache.class.php 第 72 行.
NOTIC: [2] Memcache::set(): No servers added to memcache connection D:\phpStudy\WWW\jxshop\ThinkPHP\Library\Think\Cache\Driver\Memcache.class.php 第 72 行.
NOTIC: [2] Memcache::set(): No servers added to memcache connection D:\phpStudy\WWW\jxshop\ThinkPHP\Library\Think\Cache\Driver\Memcache.class.php 第 72 行.
NOTIC: [2] Memcache::set(): No servers added to memcache connection D:\phpStudy\WWW\jxshop\ThinkPHP\Library\Think\Cache\Driver\Memcache.class.php 第 72 行.
NOTIC: [2] Memcache::set(): No servers added to memcache connection D:\phpStudy\WWW\jxshop\ThinkPHP\Library\Think\Cache\Driver\Memcache.class.php 第 72 行.
NOTIC: [2] Memcache::set(): No servers added to memcache connection D:\phpStudy\WWW\jxshop\ThinkPHP\Library\Think\Cache\Driver\Memcache.class.php 第 72 行.
NOTIC: [2] Memcache::set(): No servers added to memcache connection D:\phpStudy\WWW\jxshop\ThinkPHP\Library\Think\Cache\Driver\Memcache.class.php 第 72 行.
NOTIC: [2] Memcache::set(): No servers added to memcache connection D:\phpStudy\WWW\jxshop\ThinkPHP\Library\Think\Cache\Driver\Memcache.class.php 第 72 行.
NOTIC: [2] Memcache::set(): No servers added to memcache connection D:\phpStudy\WWW\jxshop\ThinkPHP\Library\Think\Cache\Driver\Memcache.class.php 第 72 行.
NOTIC: [2] Memcache::set(): No servers added to memcache connection D:\phpStudy\WWW\jxshop\ThinkPHP\Library\Think\Cache\Driver\Memcache.class.php 第 72 行.
NOTIC: [2] Memcache::set(): No servers added to memcache connection D:\phpStudy\WWW\jxshop\ThinkPHP\Library\Think\Cache\Driver\Memcache.class.php 第 72 行.
NOTIC: [2] Memcache::set(): No servers added to memcache connection D:\phpStudy\WWW\jxshop\ThinkPHP\Library\Think\Cache\Driver\Memcache.class.php 第 72 行.
NOTIC: [2] Memcache::set(): No servers added to memcache connection D:\phpStudy\WWW\jxshop\ThinkPHP\Library\Think\Cache\Driver\Memcache.class.php 第 72 行.
NOTIC: [2] Memcache::set(): No servers added to memcache connection D:\phpStudy\WWW\jxshop\ThinkPHP\Library\Think\Cache\Driver\Memcache.class.php 第 72 行.
NOTIC: [2] Memcache::set(): No servers added to memcache connection D:\phpStudy\WWW\jxshop\ThinkPHP\Library\Think\Cache\Driver\Memcache.class.php 第 72 行.
NOTIC: [2] Memcache::set(): No servers added to memcache connection D:\phpStudy\WWW\jxshop\ThinkPHP\Library\Think\Cache\Driver\Memcache.class.php 第 72 行.
NOTIC: [2] Memcache::set(): No servers added to memcache connection D:\phpStudy\WWW\jxshop\ThinkPHP\Library\Think\Cache\Driver\Memcache.class.php 第 72 行.
NOTIC: [2] Memcache::set(): No servers added to memcache connection D:\phpStudy\WWW\jxshop\ThinkPHP\Library\Think\Cache\Driver\Memcache.class.php 第 72 行.
NOTIC: [2] Memcache::set(): No servers added to memcache connection D:\phpStudy\WWW\jxshop\ThinkPHP\Library\Think\Cache\Driver\Memcache.class.php 第 72 行.
NOTIC: [2] Memcache::set(): No servers added to memcache connection D:\phpStudy\WWW\jxshop\ThinkPHP\Library\Think\Cache\Driver\Memcache.class.php 第 72 行.
INFO: [ view_parse ] --START--
INFO: [ template_filter ] --START--
INFO: Run Behavior\ContentReplaceBehavior [ RunTime:0.000000s ]
INFO: [ template_filter ] --END-- [ RunTime:0.000000s ]
INFO: Run Behavior\ParseTemplateBehavior [ RunTime:0.007000s ]
INFO: [ view_parse ] --END-- [ RunTime:0.007000s ]
INFO: [ view_filter ] --START--
INFO: Run Behavior\WriteHtmlCacheBehavior [ RunTime:0.000000s ]
INFO: [ view_filter ] --END-- [ RunTime:0.000000s ]
INFO: [ app_end ] --START--
INFO: Run Behavior\ShowPageTraceBehavior [ RunTime:0.000000s ]
INFO: [ app_end ] --END-- [ RunTime:0.000000s ]

[ 2017-10-24T15:01:46+08:00 ] 127.0.0.1 /Admin/Index/index.html
INFO: [ app_init ] --START--
INFO: Run Behavior\BuildLiteBehavior [ RunTime:0.000000s ]
INFO: [ app_init ] --END-- [ RunTime:0.001000s ]
INFO: [ app_begin ] --START--
INFO: Run Behavior\ReadHtmlCacheBehavior [ RunTime:0.001000s ]
INFO: [ app_begin ] --END-- [ RunTime:0.002000s ]
NOTIC: [8] Memcache::connect():  D:\phpStudy\WWW\jxshop\ThinkPHP\Library\Think\Cache\Driver\Memcache.class.php 第 43 行.
NOTIC: [2] Memcache::connect():  D:\phpStudy\WWW\jxshop\ThinkPHP\Library\Think\Cache\Driver\Memcache.class.php 第 43 行.
NOTIC: [2] Memcache::get(): No servers added to memcache connection D:\phpStudy\WWW\jxshop\ThinkPHP\Library\Think\Cache\Driver\Memcache.class.php 第 55 行.
SQL: SHOW COLUMNS FROM `jx_admin_role` [ RunTime:0.0040s ]
SQL: SELECT * FROM `jx_admin_role` WHERE ( admin_id=1 ) LIMIT 1   [ RunTime:0.0000s ]
SQL: SELECT * FROM `jx_rule`  [ RunTime:0.0010s ]
NOTIC: [2] Memcache::set(): No servers added to memcache connection D:\phpStudy\WWW\jxshop\ThinkPHP\Library\Think\Cache\Driver\Memcache.class.php 第 72 行.
NOTIC: [2] Memcache::set(): No servers added to memcache connection D:\phpStudy\WWW\jxshop\ThinkPHP\Library\Think\Cache\Driver\Memcache.class.php 第 72 行.
NOTIC: [2] Memcache::set(): No servers added to memcache connection D:\phpStudy\WWW\jxshop\ThinkPHP\Library\Think\Cache\Driver\Memcache.class.php 第 72 行.
NOTIC: [2] Memcache::set(): No servers added to memcache connection D:\phpStudy\WWW\jxshop\ThinkPHP\Library\Think\Cache\Driver\Memcache.class.php 第 72 行.
NOTIC: [2] Memcache::set(): No servers added to memcache connection D:\phpStudy\WWW\jxshop\ThinkPHP\Library\Think\Cache\Driver\Memcache.class.php 第 72 行.
NOTIC: [2] Memcache::set(): No servers added to memcache connection D:\phpStudy\WWW\jxshop\ThinkPHP\Library\Think\Cache\Driver\Memcache.class.php 第 72 行.
NOTIC: [2] Memcache::set(): No servers added to memcache connection D:\phpStudy\WWW\jxshop\ThinkPHP\Library\Think\Cache\Driver\Memcache.class.php 第 72 行.
NOTIC: [2] Memcache::set(): No servers added to memcache connection D:\phpStudy\WWW\jxshop\ThinkPHP\Library\Think\Cache\Driver\Memcache.class.php 第 72 行.
NOTIC: [2] Memcache::set(): No servers added to memcache connection D:\phpStudy\WWW\jxshop\ThinkPHP\Library\Think\Cache\Driver\Memcache.class.php 第 72 行.
NOTIC: [2] Memcache::set(): No servers added to memcache connection D:\phpStudy\WWW\jxshop\ThinkPHP\Library\Think\Cache\Driver\Memcache.class.php 第 72 行.
NOTIC: [2] Memcache::set(): No servers added to memcache connection D:\phpStudy\WWW\jxshop\ThinkPHP\Library\Think\Cache\Driver\Memcache.class.php 第 72 行.
NOTIC: [2] Memcache::set(): No servers added to memcache connection D:\phpStudy\WWW\jxshop\ThinkPHP\Library\Think\Cache\Driver\Memcache.class.php 第 72 行.
NOTIC: [2] Memcache::set(): No servers added to memcache connection D:\phpStudy\WWW\jxshop\ThinkPHP\Library\Think\Cache\Driver\Memcache.class.php 第 72 行.
NOTIC: [2] Memcache::set(): No servers added to memcache connection D:\phpStudy\WWW\jxshop\ThinkPHP\Library\Think\Cache\Driver\Memcache.class.php 第 72 行.
NOTIC: [2] Memcache::set(): No servers added to memcache connection D:\phpStudy\WWW\jxshop\ThinkPHP\Library\Think\Cache\Driver\Memcache.class.php 第 72 行.
NOTIC: [2] Memcache::set(): No servers added to memcache connection D:\phpStudy\WWW\jxshop\ThinkPHP\Library\Think\Cache\Driver\Memcache.class.php 第 72 行.
NOTIC: [2] Memcache::set(): No servers added to memcache connection D:\phpStudy\WWW\jxshop\ThinkPHP\Library\Think\Cache\Driver\Memcache.class.php 第 72 行.
NOTIC: [2] Memcache::set(): No servers added to memcache connection D:\phpStudy\WWW\jxshop\ThinkPHP\Library\Think\Cache\Driver\Memcache.class.php 第 72 行.
NOTIC: [2] Memcache::set(): No servers added to memcache connection D:\phpStudy\WWW\jxshop\ThinkPHP\Library\Think\Cache\Driver\Memcache.class.php 第 72 行.
NOTIC: [2] Memcache::set(): No servers added to memcache connection D:\phpStudy\WWW\jxshop\ThinkPHP\Library\Think\Cache\Driver\Memcache.class.php 第 72 行.
NOTIC: [2] Memcache::set(): No servers added to memcache connection D:\phpStudy\WWW\jxshop\ThinkPHP\Library\Think\Cache\Driver\Memcache.class.php 第 72 行.
NOTIC: [2] Memcache::set(): No servers added to memcache connection D:\phpStudy\WWW\jxshop\ThinkPHP\Library\Think\Cache\Driver\Memcache.class.php 第 72 行.
NOTIC: [2] Memcache::set(): No servers added to memcache connection D:\phpStudy\WWW\jxshop\ThinkPHP\Library\Think\Cache\Driver\Memcache.class.php 第 72 行.
NOTIC: [2] Memcache::set(): No servers added to memcache connection D:\phpStudy\WWW\jxshop\ThinkPHP\Library\Think\Cache\Driver\Memcache.class.php 第 72 行.
NOTIC: [2] Memcache::set(): No servers added to memcache connection D:\phpStudy\WWW\jxshop\ThinkPHP\Library\Think\Cache\Driver\Memcache.class.php 第 72 行.
NOTIC: [2] Memcache::set(): No servers added to memcache connection D:\phpStudy\WWW\jxshop\ThinkPHP\Library\Think\Cache\Driver\Memcache.class.php 第 72 行.
NOTIC: [2] Memcache::set(): No servers added to memcache connection D:\phpStudy\WWW\jxshop\ThinkPHP\Library\Think\Cache\Driver\Memcache.class.php 第 72 行.
INFO: [ view_parse ] --START--
INFO: [ template_filter ] --START--
INFO: Run Behavior\ContentReplaceBehavior [ RunTime:0.000000s ]
INFO: [ template_filter ] --END-- [ RunTime:0.000000s ]
INFO: Run Behavior\ParseTemplateBehavior [ RunTime:0.013001s ]
INFO: [ view_parse ] --END-- [ RunTime:0.013001s ]
INFO: [ view_filter ] --START--
INFO: Run Behavior\WriteHtmlCacheBehavior [ RunTime:0.000000s ]
INFO: [ view_filter ] --END-- [ RunTime:0.000000s ]
INFO: [ app_end ] --START--
INFO: Run Behavior\ShowPageTraceBehavior [ RunTime:0.001000s ]
INFO: [ app_end ] --END-- [ RunTime:0.001000s ]

[ 2017-10-24T15:02:22+08:00 ] 127.0.0.1 /Admin/Index/index.html
INFO: [ app_init ] --START--
INFO: Run Behavior\BuildLiteBehavior [ RunTime:0.000000s ]
INFO: [ app_init ] --END-- [ RunTime:0.001000s ]
INFO: [ app_begin ] --START--
INFO: Run Behavior\ReadHtmlCacheBehavior [ RunTime:0.001000s ]
INFO: [ app_begin ] --END-- [ RunTime:0.001000s ]
SQL: SHOW COLUMNS FROM `jx_admin_role` [ RunTime:0.0080s ]
SQL: SELECT * FROM `jx_admin_role` WHERE ( admin_id=1 ) LIMIT 1   [ RunTime:0.0000s ]
SQL: SELECT * FROM `jx_rule`  [ RunTime:0.0000s ]
INFO: [ view_parse ] --START--
INFO: [ template_filter ] --START--
INFO: Run Behavior\ContentReplaceBehavior [ RunTime:0.000000s ]
INFO: [ template_filter ] --END-- [ RunTime:0.000000s ]
INFO: Run Behavior\ParseTemplateBehavior [ RunTime:0.012000s ]
INFO: [ view_parse ] --END-- [ RunTime:0.014001s ]
INFO: [ view_filter ] --START--
INFO: Run Behavior\WriteHtmlCacheBehavior [ RunTime:0.001000s ]
INFO: [ view_filter ] --END-- [ RunTime:0.001000s ]
INFO: [ app_end ] --START--
INFO: Run Behavior\ShowPageTraceBehavior [ RunTime:0.001000s ]
INFO: [ app_end ] --END-- [ RunTime:0.002000s ]

[ 2017-10-24T15:02:22+08:00 ] 127.0.0.1 /Admin/Index/top.html
INFO: [ app_init ] --START--
INFO: Run Behavior\BuildLiteBehavior [ RunTime:0.000000s ]
INFO: [ app_init ] --END-- [ RunTime:0.001000s ]
INFO: [ app_begin ] --START--
INFO: Run Behavior\ReadHtmlCacheBehavior [ RunTime:0.001000s ]
INFO: [ app_begin ] --END-- [ RunTime:0.002000s ]
SQL: SHOW COLUMNS FROM `jx_admin_role` [ RunTime:0.0070s ]
SQL: SELECT * FROM `jx_admin_role` WHERE ( admin_id=1 ) LIMIT 1   [ RunTime:0.0010s ]
SQL: SELECT * FROM `jx_rule`  [ RunTime:0.0010s ]
INFO: [ view_parse ] --START--
INFO: [ template_filter ] --START--
INFO: Run Behavior\ContentReplaceBehavior [ RunTime:0.001000s ]
INFO: [ template_filter ] --END-- [ RunTime:0.001000s ]
INFO: Run Behavior\ParseTemplateBehavior [ RunTime:0.030001s ]
INFO: [ view_parse ] --END-- [ RunTime:0.030001s ]
INFO: [ view_filter ] --START--
INFO: Run Behavior\WriteHtmlCacheBehavior [ RunTime:0.001001s ]
INFO: [ view_filter ] --END-- [ RunTime:0.001001s ]
INFO: [ app_end ] --START--
INFO: Run Behavior\ShowPageTraceBehavior [ RunTime:0.001000s ]
INFO: [ app_end ] --END-- [ RunTime:0.001000s ]

[ 2017-10-24T15:02:22+08:00 ] 127.0.0.1 /Admin/Index/menu.html
INFO: [ app_init ] --START--
INFO: Run Behavior\BuildLiteBehavior [ RunTime:0.000000s ]
INFO: [ app_init ] --END-- [ RunTime:0.001000s ]
INFO: [ app_begin ] --START--
INFO: Run Behavior\ReadHtmlCacheBehavior [ RunTime:0.003000s ]
INFO: [ app_begin ] --END-- [ RunTime:0.003000s ]
SQL: SHOW COLUMNS FROM `jx_admin_role` [ RunTime:0.0050s ]
SQL: SELECT * FROM `jx_admin_role` WHERE ( admin_id=1 ) LIMIT 1   [ RunTime:0.0010s ]
SQL: SELECT * FROM `jx_rule`  [ RunTime:0.0010s ]
INFO: [ view_parse ] --START--
INFO: [ template_filter ] --START--
INFO: Run Behavior\ContentReplaceBehavior [ RunTime:0.000000s ]
INFO: [ template_filter ] --END-- [ RunTime:0.000000s ]
INFO: Run Behavior\ParseTemplateBehavior [ RunTime:0.213012s ]
INFO: [ view_parse ] --END-- [ RunTime:0.213012s ]
INFO: [ view_filter ] --START--
INFO: Run Behavior\WriteHtmlCacheBehavior [ RunTime:0.001000s ]
INFO: [ view_filter ] --END-- [ RunTime:0.001000s ]
INFO: [ app_end ] --START--
INFO: Run Behavior\ShowPageTraceBehavior [ RunTime:0.002000s ]
INFO: [ app_end ] --END-- [ RunTime:0.002000s ]

[ 2017-10-24T15:02:23+08:00 ] 127.0.0.1 /Admin/Index/main.html
INFO: [ app_init ] --START--
INFO: Run Behavior\BuildLiteBehavior [ RunTime:0.000000s ]
INFO: [ app_init ] --END-- [ RunTime:0.001000s ]
INFO: [ app_begin ] --START--
INFO: Run Behavior\ReadHtmlCacheBehavior [ RunTime:0.002000s ]
INFO: [ app_begin ] --END-- [ RunTime:0.003001s ]
SQL: SHOW COLUMNS FROM `jx_admin_role` [ RunTime:0.0040s ]
SQL: SELECT * FROM `jx_admin_role` WHERE ( admin_id=1 ) LIMIT 1   [ RunTime:0.0010s ]
SQL: SELECT * FROM `jx_rule`  [ RunTime:0.0010s ]
INFO: [ view_parse ] --START--
INFO: [ template_filter ] --START--
INFO: Run Behavior\ContentReplaceBehavior [ RunTime:0.000000s ]
INFO: [ template_filter ] --END-- [ RunTime:0.001000s ]
INFO: Run Behavior\ParseTemplateBehavior [ RunTime:0.039002s ]
INFO: [ view_parse ] --END-- [ RunTime:0.039002s ]
INFO: [ view_filter ] --START--
INFO: Run Behavior\WriteHtmlCacheBehavior [ RunTime:0.001000s ]
INFO: [ view_filter ] --END-- [ RunTime:0.001000s ]
INFO: [ app_end ] --START--
INFO: Run Behavior\ShowPageTraceBehavior [ RunTime:0.001000s ]
INFO: [ app_end ] --END-- [ RunTime:0.002000s ]

[ 2017-10-24T15:58:59+08:00 ] 127.0.0.1 /Admin/Index/index.html
INFO: [ app_init ] --START--
INFO: Run Behavior\BuildLiteBehavior [ RunTime:0.000000s ]
INFO: [ app_init ] --END-- [ RunTime:0.001000s ]
INFO: [ app_begin ] --START--
INFO: Run Behavior\ReadHtmlCacheBehavior [ RunTime:0.001000s ]
INFO: [ app_begin ] --END-- [ RunTime:0.001000s ]
ERR: 系统不支持:memcached

[ 2017-10-24T15:59:05+08:00 ] 127.0.0.1 /Admin/Index/index.html
INFO: [ app_init ] --START--
INFO: Run Behavior\BuildLiteBehavior [ RunTime:0.001000s ]
INFO: [ app_init ] --END-- [ RunTime:0.002000s ]
INFO: [ app_begin ] --START--
INFO: Run Behavior\ReadHtmlCacheBehavior [ RunTime:0.001000s ]
INFO: [ app_begin ] --END-- [ RunTime:0.001000s ]
NOTIC: [8] Memcache::connect():  D:\phpStudy\WWW\jxshop\ThinkPHP\Library\Think\Cache\Driver\Memcache.class.php 第 43 行.
NOTIC: [2] Memcache::connect():  D:\phpStudy\WWW\jxshop\ThinkPHP\Library\Think\Cache\Driver\Memcache.class.php 第 43 行.
NOTIC: [2] Memcache::get(): No servers added to memcache connection D:\phpStudy\WWW\jxshop\ThinkPHP\Library\Think\Cache\Driver\Memcache.class.php 第 55 行.
SQL: SHOW COLUMNS FROM `jx_admin_role` [ RunTime:0.0060s ]
SQL: SELECT * FROM `jx_admin_role` WHERE ( admin_id=1 ) LIMIT 1   [ RunTime:0.0010s ]
SQL: SELECT * FROM `jx_rule`  [ RunTime:0.0010s ]
NOTIC: [2] Memcache::set(): No servers added to memcache connection D:\phpStudy\WWW\jxshop\ThinkPHP\Library\Think\Cache\Driver\Memcache.class.php 第 72 行.
NOTIC: [2] Memcache::set(): No servers added to memcache connection D:\phpStudy\WWW\jxshop\ThinkPHP\Library\Think\Cache\Driver\Memcache.class.php 第 72 行.
NOTIC: [2] Memcache::set(): No servers added to memcache connection D:\phpStudy\WWW\jxshop\ThinkPHP\Library\Think\Cache\Driver\Memcache.class.php 第 72 行.
NOTIC: [2] Memcache::set(): No servers added to memcache connection D:\phpStudy\WWW\jxshop\ThinkPHP\Library\Think\Cache\Driver\Memcache.class.php 第 72 行.
NOTIC: [2] Memcache::set(): No servers added to memcache connection D:\phpStudy\WWW\jxshop\ThinkPHP\Library\Think\Cache\Driver\Memcache.class.php 第 72 行.
NOTIC: [2] Memcache::set(): No servers added to memcache connection D:\phpStudy\WWW\jxshop\ThinkPHP\Library\Think\Cache\Driver\Memcache.class.php 第 72 行.
NOTIC: [2] Memcache::set(): No servers added to memcache connection D:\phpStudy\WWW\jxshop\ThinkPHP\Library\Think\Cache\Driver\Memcache.class.php 第 72 行.
NOTIC: [2] Memcache::set(): No servers added to memcache connection D:\phpStudy\WWW\jxshop\ThinkPHP\Library\Think\Cache\Driver\Memcache.class.php 第 72 行.
NOTIC: [2] Memcache::set(): No servers added to memcache connection D:\phpStudy\WWW\jxshop\ThinkPHP\Library\Think\Cache\Driver\Memcache.class.php 第 72 行.
NOTIC: [2] Memcache::set(): No servers added to memcache connection D:\phpStudy\WWW\jxshop\ThinkPHP\Library\Think\Cache\Driver\Memcache.class.php 第 72 行.
NOTIC: [2] Memcache::set(): No servers added to memcache connection D:\phpStudy\WWW\jxshop\ThinkPHP\Library\Think\Cache\Driver\Memcache.class.php 第 72 行.
NOTIC: [2] Memcache::set(): No servers added to memcache connection D:\phpStudy\WWW\jxshop\ThinkPHP\Library\Think\Cache\Driver\Memcache.class.php 第 72 行.
NOTIC: [2] Memcache::set(): No servers added to memcache connection D:\phpStudy\WWW\jxshop\ThinkPHP\Library\Think\Cache\Driver\Memcache.class.php 第 72 行.
NOTIC: [2] Memcache::set(): No servers added to memcache connection D:\phpStudy\WWW\jxshop\ThinkPHP\Library\Think\Cache\Driver\Memcache.class.php 第 72 行.
NOTIC: [2] Memcache::set(): No servers added to memcache connection D:\phpStudy\WWW\jxshop\ThinkPHP\Library\Think\Cache\Driver\Memcache.class.php 第 72 行.
NOTIC: [2] Memcache::set(): No servers added to memcache connection D:\phpStudy\WWW\jxshop\ThinkPHP\Library\Think\Cache\Driver\Memcache.class.php 第 72 行.
NOTIC: [2] Memcache::set(): No servers added to memcache connection D:\phpStudy\WWW\jxshop\ThinkPHP\Library\Think\Cache\Driver\Memcache.class.php 第 72 行.
NOTIC: [2] Memcache::set(): No servers added to memcache connection D:\phpStudy\WWW\jxshop\ThinkPHP\Library\Think\Cache\Driver\Memcache.class.php 第 72 行.
NOTIC: [2] Memcache::set(): No servers added to memcache connection D:\phpStudy\WWW\jxshop\ThinkPHP\Library\Think\Cache\Driver\Memcache.class.php 第 72 行.
NOTIC: [2] Memcache::set(): No servers added to memcache connection D:\phpStudy\WWW\jxshop\ThinkPHP\Library\Think\Cache\Driver\Memcache.class.php 第 72 行.
NOTIC: [2] Memcache::set(): No servers added to memcache connection D:\phpStudy\WWW\jxshop\ThinkPHP\Library\Think\Cache\Driver\Memcache.class.php 第 72 行.
NOTIC: [2] Memcache::set(): No servers added to memcache connection D:\phpStudy\WWW\jxshop\ThinkPHP\Library\Think\Cache\Driver\Memcache.class.php 第 72 行.
NOTIC: [2] Memcache::set(): No servers added to memcache connection D:\phpStudy\WWW\jxshop\ThinkPHP\Library\Think\Cache\Driver\Memcache.class.php 第 72 行.
NOTIC: [2] Memcache::set(): No servers added to memcache connection D:\phpStudy\WWW\jxshop\ThinkPHP\Library\Think\Cache\Driver\Memcache.class.php 第 72 行.
NOTIC: [2] Memcache::set(): No servers added to memcache connection D:\phpStudy\WWW\jxshop\ThinkPHP\Library\Think\Cache\Driver\Memcache.class.php 第 72 行.
NOTIC: [2] Memcache::set(): No servers added to memcache connection D:\phpStudy\WWW\jxshop\ThinkPHP\Library\Think\Cache\Driver\Memcache.class.php 第 72 行.
NOTIC: [2] Memcache::set(): No servers added to memcache connection D:\phpStudy\WWW\jxshop\ThinkPHP\Library\Think\Cache\Driver\Memcache.class.php 第 72 行.
INFO: [ view_parse ] --START--
INFO: [ template_filter ] --START--
INFO: Run Behavior\ContentReplaceBehavior [ RunTime:0.000000s ]
INFO: [ template_filter ] --END-- [ RunTime:0.000000s ]
INFO: Run Behavior\ParseTemplateBehavior [ RunTime:0.014001s ]
INFO: [ view_parse ] --END-- [ RunTime:0.014001s ]
INFO: [ view_filter ] --START--
INFO: Run Behavior\WriteHtmlCacheBehavior [ RunTime:0.001000s ]
INFO: [ view_filter ] --END-- [ RunTime:0.001000s ]
INFO: [ app_end ] --START--
INFO: Run Behavior\ShowPageTraceBehavior [ RunTime:0.002000s ]
INFO: [ app_end ] --END-- [ RunTime:0.002000s ]

[ 2017-10-24T16:30:27+08:00 ] 127.0.0.1 /Admin/Index/index.html
INFO: [ app_init ] --START--
INFO: Run Behavior\BuildLiteBehavior [ RunTime:0.000000s ]
INFO: [ app_init ] --END-- [ RunTime:0.001000s ]
INFO: [ app_begin ] --START--
INFO: Run Behavior\ReadHtmlCacheBehavior [ RunTime:0.001000s ]
INFO: [ app_begin ] --END-- [ RunTime:0.001000s ]
NOTIC: [8] Memcache::connect():  D:\phpStudy\WWW\jxshop\ThinkPHP\Library\Think\Cache\Driver\Memcache.class.php 第 43 行.
NOTIC: [2] Memcache::connect():  D:\phpStudy\WWW\jxshop\ThinkPHP\Library\Think\Cache\Driver\Memcache.class.php 第 43 行.
NOTIC: [2] Memcache::get(): No servers added to memcache connection D:\phpStudy\WWW\jxshop\ThinkPHP\Library\Think\Cache\Driver\Memcache.class.php 第 55 行.
SQL: SHOW COLUMNS FROM `jx_admin_role` [ RunTime:0.0040s ]
SQL: SELECT * FROM `jx_admin_role` WHERE ( admin_id=1 ) LIMIT 1   [ RunTime:0.0010s ]
SQL: SELECT * FROM `jx_rule`  [ RunTime:0.0010s ]
NOTIC: [2] Memcache::set(): No servers added to memcache connection D:\phpStudy\WWW\jxshop\ThinkPHP\Library\Think\Cache\Driver\Memcache.class.php 第 72 行.
NOTIC: [2] Memcache::set(): No servers added to memcache connection D:\phpStudy\WWW\jxshop\ThinkPHP\Library\Think\Cache\Driver\Memcache.class.php 第 72 行.
NOTIC: [2] Memcache::set(): No servers added to memcache connection D:\phpStudy\WWW\jxshop\ThinkPHP\Library\Think\Cache\Driver\Memcache.class.php 第 72 行.
NOTIC: [2] Memcache::set(): No servers added to memcache connection D:\phpStudy\WWW\jxshop\ThinkPHP\Library\Think\Cache\Driver\Memcache.class.php 第 72 行.
NOTIC: [2] Memcache::set(): No servers added to memcache connection D:\phpStudy\WWW\jxshop\ThinkPHP\Library\Think\Cache\Driver\Memcache.class.php 第 72 行.
NOTIC: [2] Memcache::set(): No servers added to memcache connection D:\phpStudy\WWW\jxshop\ThinkPHP\Library\Think\Cache\Driver\Memcache.class.php 第 72 行.
NOTIC: [2] Memcache::set(): No servers added to memcache connection D:\phpStudy\WWW\jxshop\ThinkPHP\Library\Think\Cache\Driver\Memcache.class.php 第 72 行.
NOTIC: [2] Memcache::set(): No servers added to memcache connection D:\phpStudy\WWW\jxshop\ThinkPHP\Library\Think\Cache\Driver\Memcache.class.php 第 72 行.
NOTIC: [2] Memcache::set(): No servers added to memcache connection D:\phpStudy\WWW\jxshop\ThinkPHP\Library\Think\Cache\Driver\Memcache.class.php 第 72 行.
NOTIC: [2] Memcache::set(): No servers added to memcache connection D:\phpStudy\WWW\jxshop\ThinkPHP\Library\Think\Cache\Driver\Memcache.class.php 第 72 行.
NOTIC: [2] Memcache::set(): No servers added to memcache connection D:\phpStudy\WWW\jxshop\ThinkPHP\Library\Think\Cache\Driver\Memcache.class.php 第 72 行.
NOTIC: [2] Memcache::set(): No servers added to memcache connection D:\phpStudy\WWW\jxshop\ThinkPHP\Library\Think\Cache\Driver\Memcache.class.php 第 72 行.
NOTIC: [2] Memcache::set(): No servers added to memcache connection D:\phpStudy\WWW\jxshop\ThinkPHP\Library\Think\Cache\Driver\Memcache.class.php 第 72 行.
NOTIC: [2] Memcache::set(): No servers added to memcache connection D:\phpStudy\WWW\jxshop\ThinkPHP\Library\Think\Cache\Driver\Memcache.class.php 第 72 行.
NOTIC: [2] Memcache::set(): No servers added to memcache connection D:\phpStudy\WWW\jxshop\ThinkPHP\Library\Think\Cache\Driver\Memcache.class.php 第 72 行.
NOTIC: [2] Memcache::set(): No servers added to memcache connection D:\phpStudy\WWW\jxshop\ThinkPHP\Library\Think\Cache\Driver\Memcache.class.php 第 72 行.
NOTIC: [2] Memcache::set(): No servers added to memcache connection D:\phpStudy\WWW\jxshop\ThinkPHP\Library\Think\Cache\Driver\Memcache.class.php 第 72 行.
NOTIC: [2] Memcache::set(): No servers added to memcache connection D:\phpStudy\WWW\jxshop\ThinkPHP\Library\Think\Cache\Driver\Memcache.class.php 第 72 行.
NOTIC: [2] Memcache::set(): No servers added to memcache connection D:\phpStudy\WWW\jxshop\ThinkPHP\Library\Think\Cache\Driver\Memcache.class.php 第 72 行.
NOTIC: [2] Memcache::set(): No servers added to memcache connection D:\phpStudy\WWW\jxshop\ThinkPHP\Library\Think\Cache\Driver\Memcache.class.php 第 72 行.
NOTIC: [2] Memcache::set(): No servers added to memcache connection D:\phpStudy\WWW\jxshop\ThinkPHP\Library\Think\Cache\Driver\Memcache.class.php 第 72 行.
NOTIC: [2] Memcache::set(): No servers added to memcache connection D:\phpStudy\WWW\jxshop\ThinkPHP\Library\Think\Cache\Driver\Memcache.class.php 第 72 行.
NOTIC: [2] Memcache::set(): No servers added to memcache connection D:\phpStudy\WWW\jxshop\ThinkPHP\Library\Think\Cache\Driver\Memcache.class.php 第 72 行.
NOTIC: [2] Memcache::set(): No servers added to memcache connection D:\phpStudy\WWW\jxshop\ThinkPHP\Library\Think\Cache\Driver\Memcache.class.php 第 72 行.
NOTIC: [2] Memcache::set(): No servers added to memcache connection D:\phpStudy\WWW\jxshop\ThinkPHP\Library\Think\Cache\Driver\Memcache.class.php 第 72 行.
NOTIC: [2] Memcache::set(): No servers added to memcache connection D:\phpStudy\WWW\jxshop\ThinkPHP\Library\Think\Cache\Driver\Memcache.class.php 第 72 行.
NOTIC: [2] Memcache::set(): No servers added to memcache connection D:\phpStudy\WWW\jxshop\ThinkPHP\Library\Think\Cache\Driver\Memcache.class.php 第 72 行.
INFO: [ view_parse ] --START--
INFO: [ template_filter ] --START--
INFO: Run Behavior\ContentReplaceBehavior [ RunTime:0.001000s ]
INFO: [ template_filter ] --END-- [ RunTime:0.001000s ]
INFO: Run Behavior\ParseTemplateBehavior [ RunTime:0.014001s ]
INFO: [ view_parse ] --END-- [ RunTime:0.014001s ]
INFO: [ view_filter ] --START--
INFO: Run Behavior\WriteHtmlCacheBehavior [ RunTime:0.000000s ]
INFO: [ view_filter ] --END-- [ RunTime:0.000000s ]
INFO: [ app_end ] --START--
INFO: Run Behavior\ShowPageTraceBehavior [ RunTime:0.001000s ]
INFO: [ app_end ] --END-- [ RunTime:0.001000s ]

